Log file open, 12/03/16 04:06:13
LogInit:Display: Running engine for game: Anbi
LogPlatformFile: Not using cached read wrapper
LogInit:Display: RandInit(-1226035475) SRandInit(-1226035475).
LogTaskGraph: Started task graph with 5 named threads and 8 total threads with 1 sets of task threads.
LogStats: Stats thread started at 0.072292
LogPluginManager: Loaded Plugin Paper2D, From C:/Program Files (x86)/Epic Games/4.14/Engine/Plugins/2D/Paper2D/Paper2D.uplugin
LogPluginManager: Loaded Plugin LightPropagationVolume, From C:/Program Files (x86)/Epic Games/4.14/Engine/Plugins/Blendables/LightPropagationVolume/LightPropagationVolume.uplugin
LogPluginManager: Loaded Plugin BlankPlugin, From C:/Program Files (x86)/Epic Games/4.14/Engine/Plugins/Developer/BlankPlugin/BlankPlugin.uplugin
LogPluginManager: Loaded Plugin CodeLiteSourceCodeAccess, From C:/Program Files (x86)/Epic Games/4.14/Engine/Plugins/Developer/CodeLiteSourceCodeAccess/CodeLiteSourceCodeAccess.uplugin
LogPluginManager: Loaded Plugin GitSourceControl, From C:/Program Files (x86)/Epic Games/4.14/Engine/Plugins/Developer/GitSourceControl/GitSourceControl.uplugin
LogPluginManager: Loaded Plugin KDevelopSourceCodeAccess, From C:/Program Files (x86)/Epic Games/4.14/Engine/Plugins/Developer/KDevelopSourceCodeAccess/KDevelopSourceCodeAccess.uplugin
LogPluginManager: Loaded Plugin NullSourceCodeAccess, From C:/Program Files (x86)/Epic Games/4.14/Engine/Plugins/Developer/NullSourceCodeAccess/NullSourceCodeAccess.uplugin
LogPluginManager: Loaded Plugin OneSkyLocalizationService, From C:/Program Files (x86)/Epic Games/4.14/Engine/Plugins/Developer/OneSkyLocalizationService/OneSkyLocalizationService.uplugin
LogPluginManager: Loaded Plugin PerforceSourceControl, From C:/Program Files (x86)/Epic Games/4.14/Engine/Plugins/Developer/PerforceSourceControl/PerforceSourceControl.uplugin
LogPluginManager: Loaded Plugin SubversionSourceControl, From C:/Program Files (x86)/Epic Games/4.14/Engine/Plugins/Developer/SubversionSourceControl/SubversionSourceControl.uplugin
LogPluginManager: Loaded Plugin UObjectPlugin, From C:/Program Files (x86)/Epic Games/4.14/Engine/Plugins/Developer/UObjectPlugin/UObjectPlugin.uplugin
LogPluginManager: Loaded Plugin VisualStudioSourceCodeAccess, From C:/Program Files (x86)/Epic Games/4.14/Engine/Plugins/Developer/VisualStudioSourceCodeAccess/VisualStudioSourceCodeAccess.uplugin
LogPluginManager: Loaded Plugin XCodeSourceCodeAccess, From C:/Program Files (x86)/Epic Games/4.14/Engine/Plugins/Developer/XCodeSourceCodeAccess/XCodeSourceCodeAccess.uplugin
LogPluginManager: Loaded Plugin AudioCapture, From C:/Program Files (x86)/Epic Games/4.14/Engine/Plugins/Editor/AudioCapture/AudioCapture.uplugin
LogPluginManager: Loaded Plugin EpicSurvey, From C:/Program Files (x86)/Epic Games/4.14/Engine/Plugins/Editor/EpicSurvey/EpicSurvey.uplugin
LogPluginManager: Loaded Plugin MacGraphicsSwitching, From C:/Program Files (x86)/Epic Games/4.14/Engine/Plugins/Editor/MacGraphicsSwitching/MacGraphicsSwitching.uplugin
LogPluginManager: Loaded Plugin MobileLauncherProfileWizard, From C:/Program Files (x86)/Epic Games/4.14/Engine/Plugins/Editor/MobileLauncherProfileWizard/MobileLauncherProfileWizard.uplugin
LogPluginManager: Loaded Plugin PluginBrowser, From C:/Program Files (x86)/Epic Games/4.14/Engine/Plugins/Editor/PluginBrowser/PluginBrowser.uplugin
LogPluginManager: Loaded Plugin SpeedTreeImporter, From C:/Program Files (x86)/Epic Games/4.14/Engine/Plugins/Editor/SpeedTreeImporter/SpeedTreeImporter.uplugin
LogPluginManager: Loaded Plugin SuperSearchEditor, From C:/Program Files (x86)/Epic Games/4.14/Engine/Plugins/Editor/SuperSearchEditor/SuperSearchEditor.uplugin
LogPluginManager: Loaded Plugin AlembicImporter, From C:/Program Files (x86)/Epic Games/4.14/Engine/Plugins/Experimental/AlembicImporter/AlembicImporter.uplugin
LogPluginManager: Loaded Plugin BlueprintStats, From C:/Program Files (x86)/Epic Games/4.14/Engine/Plugins/Experimental/BlueprintStats/BlueprintStats.uplugin
LogPluginManager: Loaded Plugin CharacterAI, From C:/Program Files (x86)/Epic Games/4.14/Engine/Plugins/Experimental/CharacterAI/CharacterAI.uplugin
LogPluginManager: Loaded Plugin CodeEditor, From C:/Program Files (x86)/Epic Games/4.14/Engine/Plugins/Experimental/CodeEditor/CodeEditor.uplugin
LogPluginManager: Loaded Plugin CodeView, From C:/Program Files (x86)/Epic Games/4.14/Engine/Plugins/Experimental/CodeView/CodeView.uplugin
LogPluginManager: Loaded Plugin HTML5Networking, From C:/Program Files (x86)/Epic Games/4.14/Engine/Plugins/Experimental/HTML5Networking/HTML5Networking.uplugin
LogPluginManager: Loaded Plugin OSVR, From C:/Program Files (x86)/Epic Games/4.14/Engine/Plugins/Experimental/OSVR/OSVR.uplugin
LogPluginManager: Loaded Plugin Phya, From C:/Program Files (x86)/Epic Games/4.14/Engine/Plugins/Experimental/Phya/Phya.uplugin
LogPluginManager: Loaded Plugin SignificanceManager, From C:/Program Files (x86)/Epic Games/4.14/Engine/Plugins/Experimental/SignificanceManager/SignificanceManager.uplugin
LogPluginManager: Loaded Plugin SimpleHMD, From C:/Program Files (x86)/Epic Games/4.14/Engine/Plugins/Experimental/SimpleHMD/SimpleHMD.uplugin
LogPluginManager: Loaded Plugin StereoPanorama, From C:/Program Files (x86)/Epic Games/4.14/Engine/Plugins/Experimental/StereoPanorama/StereoPanorama.uplugin
LogPluginManager: Loaded Plugin StructBox, From C:/Program Files (x86)/Epic Games/4.14/Engine/Plugins/Experimental/StructBox/StructBox.uplugin
LogPluginManager: Loaded Plugin AndroidMedia, From C:/Program Files (x86)/Epic Games/4.14/Engine/Plugins/Media/AndroidMedia/AndroidMedia.uplugin
LogPluginManager: Loaded Plugin AvfMedia, From C:/Program Files (x86)/Epic Games/4.14/Engine/Plugins/Media/AvfMedia/AvfMedia.uplugin
LogPluginManager: Loaded Plugin MediaPlayerEditor, From C:/Program Files (x86)/Epic Games/4.14/Engine/Plugins/Media/MediaPlayerEditor/MediaPlayerEditor.uplugin
LogPluginManager: Loaded Plugin WmfMedia, From C:/Program Files (x86)/Epic Games/4.14/Engine/Plugins/Media/WmfMedia/WmfMedia.uplugin
LogPluginManager: Loaded Plugin MessagingDebugger, From C:/Program Files (x86)/Epic Games/4.14/Engine/Plugins/Messaging/MessagingDebugger/MessagingDebugger.uplugin
LogPluginManager: Loaded Plugin TcpMessaging, From C:/Program Files (x86)/Epic Games/4.14/Engine/Plugins/Messaging/TcpMessaging/TcpMessaging.uplugin
LogPluginManager: Loaded Plugin UdpMessaging, From C:/Program Files (x86)/Epic Games/4.14/Engine/Plugins/Messaging/UdpMessaging/UdpMessaging.uplugin
LogPluginManager: Loaded Plugin LevelSequenceEditor, From C:/Program Files (x86)/Epic Games/4.14/Engine/Plugins/MovieScene/LevelSequenceEditor/LevelSequenceEditor.uplugin
LogPluginManager: Loaded Plugin MatineeToLevelSequence, From C:/Program Files (x86)/Epic Games/4.14/Engine/Plugins/MovieScene/MatineeToLevelSequence/MatineeToLevelSequence.uplugin
LogPluginManager: Loaded Plugin NetcodeUnitTest, From C:/Program Files (x86)/Epic Games/4.14/Engine/Plugins/NetcodeUnitTest/NetcodeUnitTest/NetcodeUnitTest.uplugin
LogPluginManager: Loaded Plugin NUTUnrealEngine4, From C:/Program Files (x86)/Epic Games/4.14/Engine/Plugins/NetcodeUnitTest/NUTUnrealEngine4/NUTUnrealEngine4.uplugin
LogPluginManager: Loaded Plugin OnlineSubsystemGameCircle, From C:/Program Files (x86)/Epic Games/4.14/Engine/Plugins/Online/Android/OnlineSubsystemGameCircle/OnlineSubsystemGameCircle.uplugin
LogPluginManager: Loaded Plugin OnlineSubsystemGooglePlay, From C:/Program Files (x86)/Epic Games/4.14/Engine/Plugins/Online/Android/OnlineSubsystemGooglePlay/OnlineSubsystemGooglePlay.uplugin
LogPluginManager: Loaded Plugin OnlineSubsystemIOS, From C:/Program Files (x86)/Epic Games/4.14/Engine/Plugins/Online/IOS/OnlineSubsystemIOS/OnlineSubsystemIOS.uplugin
LogPluginManager: Loaded Plugin OnlineFramework, From C:/Program Files (x86)/Epic Games/4.14/Engine/Plugins/Online/OnlineFramework/OnlineFramework.uplugin
LogPluginManager: Loaded Plugin OnlineSubsystem, From C:/Program Files (x86)/Epic Games/4.14/Engine/Plugins/Online/OnlineSubsystem/OnlineSubsystem.uplugin
LogPluginManager: Loaded Plugin OnlineSubsystemAmazon, From C:/Program Files (x86)/Epic Games/4.14/Engine/Plugins/Online/OnlineSubsystemAmazon/OnlineSubsystemAmazon.uplugin
LogPluginManager: Loaded Plugin OnlineSubsystemFacebook, From C:/Program Files (x86)/Epic Games/4.14/Engine/Plugins/Online/OnlineSubsystemFacebook/OnlineSubsystemFacebook.uplugin
LogPluginManager: Loaded Plugin OnlineSubsystemNull, From C:/Program Files (x86)/Epic Games/4.14/Engine/Plugins/Online/OnlineSubsystemNull/OnlineSubsystemNull.uplugin
LogPluginManager: Loaded Plugin OnlineSubsystemOculus, From C:/Program Files (x86)/Epic Games/4.14/Engine/Plugins/Online/OnlineSubsystemOculus/OnlineSubsystemOculus.uplugin
LogPluginManager: Loaded Plugin OnlineSubsystemSteam, From C:/Program Files (x86)/Epic Games/4.14/Engine/Plugins/Online/OnlineSubsystemSteam/OnlineSubsystemSteam.uplugin
LogPluginManager: Loaded Plugin OnlineSubsystemUtils, From C:/Program Files (x86)/Epic Games/4.14/Engine/Plugins/Online/OnlineSubsystemUtils/OnlineSubsystemUtils.uplugin
LogPluginManager: Loaded Plugin IOSTapJoy, From C:/Program Files (x86)/Epic Games/4.14/Engine/Plugins/Runtime/Advertising/IOSTapJoy/IOSTapJoy.uplugin
LogPluginManager: Loaded Plugin AnalyticsBlueprintLibrary, From C:/Program Files (x86)/Epic Games/4.14/Engine/Plugins/Runtime/Analytics/AnalyticsBlueprintLibrary/AnalyticsBlueprintLibrary.uplugin
LogPluginManager: Loaded Plugin AnalyticsMulticast, From C:/Program Files (x86)/Epic Games/4.14/Engine/Plugins/Runtime/Analytics/AnalyticsMulticast/AnalyticsMulticast.uplugin
LogPluginManager: Loaded Plugin Apsalar, From C:/Program Files (x86)/Epic Games/4.14/Engine/Plugins/Runtime/Analytics/Apsalar/Apsalar.uplugin
LogPluginManager: Loaded Plugin FileLogging, From C:/Program Files (x86)/Epic Games/4.14/Engine/Plugins/Runtime/Analytics/FileLogging/FileLogging.uplugin
LogPluginManager: Loaded Plugin Flurry, From C:/Program Files (x86)/Epic Games/4.14/Engine/Plugins/Runtime/Analytics/Flurry/Flurry.uplugin
LogPluginManager: Loaded Plugin AndroidDeviceProfileSelector, From C:/Program Files (x86)/Epic Games/4.14/Engine/Plugins/Runtime/AndroidDeviceProfileSelector/AndroidDeviceProfileSelector.uplugin
LogPluginManager: Loaded Plugin AndroidMoviePlayer, From C:/Program Files (x86)/Epic Games/4.14/Engine/Plugins/Runtime/AndroidMoviePlayer/AndroidMoviePlayer.uplugin
LogPluginManager: Loaded Plugin AppleMoviePlayer, From C:/Program Files (x86)/Epic Games/4.14/Engine/Plugins/Runtime/AppleMoviePlayer/AppleMoviePlayer.uplugin
LogPluginManager: Loaded Plugin ArchVisCharacter, From C:/Program Files (x86)/Epic Games/4.14/Engine/Plugins/Runtime/ArchVisCharacter/ArchVisCharacter.uplugin
LogPluginManager: Loaded Plugin CableComponent, From C:/Program Files (x86)/Epic Games/4.14/Engine/Plugins/Runtime/CableComponent/CableComponent.uplugin
LogPluginManager: Loaded Plugin CustomMeshComponent, From C:/Program Files (x86)/Epic Games/4.14/Engine/Plugins/Runtime/CustomMeshComponent/CustomMeshComponent.uplugin
LogPluginManager: Loaded Plugin ExampleDeviceProfileSelector, From C:/Program Files (x86)/Epic Games/4.14/Engine/Plugins/Runtime/ExampleDeviceProfileSelector/ExampleDeviceProfileSelector.uplugin
LogPluginManager: Loaded Plugin GearVR, From C:/Program Files (x86)/Epic Games/4.14/Engine/Plugins/Runtime/GearVR/GearVR.uplugin
LogPluginManager: Loaded Plugin GoogleVRController, From C:/Program Files (x86)/Epic Games/4.14/Engine/Plugins/Runtime/GoogleVR/GoogleVRController/GoogleVRController.uplugin
LogPluginManager: Loaded Plugin GoogleVRHMD, From C:/Program Files (x86)/Epic Games/4.14/Engine/Plugins/Runtime/GoogleVR/GoogleVRHMD/GoogleVRHMD.uplugin
LogPluginManager: Loaded Plugin IOSDeviceProfileSelector, From C:/Program Files (x86)/Epic Games/4.14/Engine/Plugins/Runtime/IOSDeviceProfileSelector/IOSDeviceProfileSelector.uplugin
LogPluginManager: Loaded Plugin LeapMotion, From C:/Program Files (x86)/Epic Games/4.14/Engine/Plugins/Runtime/LeapMotion/LeapMotion.uplugin
LogPluginManager: Loaded Plugin LinuxDeviceProfileSelector, From C:/Program Files (x86)/Epic Games/4.14/Engine/Plugins/Runtime/LinuxDeviceProfileSelector/LinuxDeviceProfileSelector.uplugin
LogPluginManager: Loaded Plugin MIDIDevice, From C:/Program Files (x86)/Epic Games/4.14/Engine/Plugins/Runtime/MIDIDevice/MIDIDevice.uplugin
LogPluginManager: Loaded Plugin MobilePatchingUtils, From C:/Program Files (x86)/Epic Games/4.14/Engine/Plugins/Runtime/MobilePatchingUtils/MobilePatchingUtils.uplugin
LogPluginManager: Loaded Plugin Ansel, From C:/Program Files (x86)/Epic Games/4.14/Engine/Plugins/Runtime/Nvidia/Ansel/Ansel.uplugin
LogPluginManager: Loaded Plugin OculusAudio, From C:/Program Files (x86)/Epic Games/4.14/Engine/Plugins/Runtime/OculusAudio/OculusAudio.uplugin
LogPluginManager: Loaded Plugin OculusInput, From C:/Program Files (x86)/Epic Games/4.14/Engine/Plugins/Runtime/OculusInput/OculusInput.uplugin
LogPluginManager: Loaded Plugin OculusLibrary, From C:/Program Files (x86)/Epic Games/4.14/Engine/Plugins/Runtime/OculusLibrary/OculusLibrary.uplugin
LogPluginManager: Loaded Plugin OculusRift, From C:/Program Files (x86)/Epic Games/4.14/Engine/Plugins/Runtime/OculusRift/OculusRift.uplugin
LogPluginManager: Loaded Plugin Oodle, From C:/Program Files (x86)/Epic Games/4.14/Engine/Plugins/Runtime/PacketHandlers/CompressionComponents/Oodle/Oodle.uplugin
LogPluginManager: Loaded Plugin ProceduralMeshComponent, From C:/Program Files (x86)/Epic Games/4.14/Engine/Plugins/Runtime/ProceduralMeshComponent/ProceduralMeshComponent.uplugin
LogPluginManager: Loaded Plugin SoundMod, From C:/Program Files (x86)/Epic Games/4.14/Engine/Plugins/Runtime/SoundMod/SoundMod.uplugin
LogPluginManager: Loaded Plugin SoundVisualizations, From C:/Program Files (x86)/Epic Games/4.14/Engine/Plugins/Runtime/SoundVisualizations/SoundVisualizations.uplugin
LogPluginManager: Loaded Plugin SteamController, From C:/Program Files (x86)/Epic Games/4.14/Engine/Plugins/Runtime/Steam/SteamController/SteamController.uplugin
LogPluginManager: Loaded Plugin SteamVR, From C:/Program Files (x86)/Epic Games/4.14/Engine/Plugins/Runtime/Steam/SteamVR/SteamVR.uplugin
LogPluginManager: Loaded Plugin WebBrowserWidget, From C:/Program Files (x86)/Epic Games/4.14/Engine/Plugins/Runtime/WebBrowserWidget/WebBrowserWidget.uplugin
LogPluginManager: Loaded Plugin WindowsDeviceProfileSelector, From C:/Program Files (x86)/Epic Games/4.14/Engine/Plugins/Runtime/WindowsDeviceProfileSelector/WindowsDeviceProfileSelector.uplugin
LogPluginManager: Loaded Plugin WindowsMoviePlayer, From C:/Program Files (x86)/Epic Games/4.14/Engine/Plugins/Runtime/WindowsMoviePlayer/WindowsMoviePlayer.uplugin
LogPluginManager: Loaded Plugin ScriptPlugin, From C:/Program Files (x86)/Epic Games/4.14/Engine/Plugins/ScriptPlugin/ScriptPlugin.uplugin
LogPluginManager: Loaded Plugin SlateRemote, From C:/Program Files (x86)/Epic Games/4.14/Engine/Plugins/Slate/SlateRemote/SlateRemote.uplugin
LogPluginManager: Loaded Plugin EditorTests, From C:/Program Files (x86)/Epic Games/4.14/Engine/Plugins/Tests/EditorTests/EditorTests.uplugin
LogPluginManager: Loaded Plugin FbxAutomationTestBuilder, From C:/Program Files (x86)/Epic Games/4.14/Engine/Plugins/Tests/FbxAutomationTestBuilder/FbxAutomationTestBuilder.uplugin
LogPluginManager: Loaded Plugin FunctionalTestingEditor, From C:/Program Files (x86)/Epic Games/4.14/Engine/Plugins/Tests/FunctionalTestingEditor/FunctionalTestingEditor.uplugin
LogPluginManager: Loaded Plugin RuntimeTests, From C:/Program Files (x86)/Epic Games/4.14/Engine/Plugins/Tests/RuntimeTests/RuntimeTests.uplugin
LogPluginManager: Loaded Plugin ScreenshotTools, From C:/Program Files (x86)/Epic Games/4.14/Engine/Plugins/Tests/ScreenshotTools/ScreenshotTools.uplugin
LogInit: Using libcurl 7.47.1
LogInit:  - built for x86_64-pc-win32
LogInit:  - supports SSL with OpenSSL/1.0.2g
LogInit:  - supports HTTP deflate (compression) using libz 1.2.8
LogInit:  - other features:
LogInit:      CURL_VERSION_SSL
LogInit:      CURL_VERSION_LIBZ
LogInit:      CURL_VERSION_IPV6
LogInit:      CURL_VERSION_ASYNCHDNS
LogInit:      CURL_VERSION_LARGEFILE
LogInit:      CURL_VERSION_IDN
LogInit:  CurlRequestOptions (configurable via config and command line):
LogInit:  - bVerifyPeer = false  - Libcurl will NOT verify peer certificate
LogInit:  - bUseHttpProxy = false  - Libcurl will NOT use HTTP proxy
LogInit:  - bDontReuseConnections = false  - Libcurl will reuse connections
LogInit:  - CertBundlePath = nullptr  - Libcurl will use whatever was configured at build time.
LogInit: Build: ++UE4+Release-4.14-CL-3195953
LogInit: Engine Version: 4.14.0-3195953+++UE4+Release-4.14
LogInit: Compatible Engine Version: 4.14.0-3195953+++UE4+Release-4.14
LogInit: Net CL: 3195953
LogDevObjectVersion: Number of dev versions registered: 13
LogDevObjectVersion:   Dev-Blueprints (B0D832E4-1F89-4F0D-ACCF-7EB736FD4AA2): 7
LogDevObjectVersion:   Dev-Build (E1C64328-A22C-4D53-A36C-8E866417BD8C): 0
LogDevObjectVersion:   Dev-Core (375EC13C-06E4-48FB-B500-84F0262A717E): 1
LogDevObjectVersion:   Dev-Editor (E4B068ED-F494-42E9-A231-DA0B2E46BB41): 8
LogDevObjectVersion:   Dev-Framework (CFFC743F-43B0-4480-9391-14DF171D2073): 17
LogDevObjectVersion:   Dev-Mobile (B02B49B5-BB20-44E9-A304-32B752E40360): 0
LogDevObjectVersion:   Dev-Networking (A4E4105C-59A1-49B5-A7C5-40C4547EDFEE): 0
LogDevObjectVersion:   Dev-Online (39C831C9-5AE6-47DC-9A44-9C173E1C8E7C): 0
LogDevObjectVersion:   Dev-Physics (78F01B33-EBEA-4F98-B9B4-84EACCB95AA2): 0
LogDevObjectVersion:   Dev-Platform (6631380F-2D4D-43E0-8009-CF276956A95A): 0
LogDevObjectVersion:   Dev-Rendering (12F88B9F-8875-4AFC-A67C-D90C383ABD29): 12
LogDevObjectVersion:   Dev-Sequencer (7B5AE74C-D270-4C10-A958-57980B212A5A): 1
LogDevObjectVersion:   Dev-VR (D7296918-1DD6-4BDD-9DE2-64A83CC13884): 0
LogInit: Compiled (64-bit): Nov 12 2016 02:14:10
LogInit: Compiled with Visual C++: 19.00.23026.00
LogInit: Build Configuration: Development
LogInit: Branch Name: ++UE4+Release-4.14
LogInit: Command line:  
LogInit: Base directory: C:/Program Files (x86)/Epic Games/4.14/Engine/Binaries/Win64/
LogInit: Installed Engine Build: 1
LogInit: Presizing for max 8388607 objects, including 0 objects not considered by GC, pre-allocating 0 bytes for permanent pool.
LogInit: Object subsystem initialized
[2016.12.02-19.06.14:109][  0]LogConsoleManager:Display: Setting the console variable 'r.RHICmdBypass' with 'SetByProjectSetting' was ignored as it is lower priority than the previous 'SetBySystemSettingsIni'
[2016.12.02-19.06.14:111][  0]LogInit: Selected Device Profile: [Windows]
[2016.12.02-19.06.14:111][  0]LogInit: Applying CVar settings loaded from the selected device profile: [Windows]
[2016.12.02-19.06.14:121][  0]LogInit: Computer: DESKTOP-MHBNP74
[2016.12.02-19.06.14:121][  0]LogInit: User: GameDev
[2016.12.02-19.06.14:121][  0]LogInit: CPU Page size=65536, Cores=4
[2016.12.02-19.06.14:121][  0]LogInit: High frequency timer resolution =2.630631 MHz
[2016.12.02-19.06.14:121][  0]LogMemory: Memory total: Physical=7.9GB (8GB approx)
[2016.12.02-19.06.14:121][  0]LogMemory: Platform Memory Stats for Windows
[2016.12.02-19.06.14:121][  0]LogMemory: Process Physical Memory: 263.40 MB used, 263.40 MB peak
[2016.12.02-19.06.14:121][  0]LogMemory: Process Virtual Memory: 262.63 MB used, 262.63 MB peak
[2016.12.02-19.06.14:121][  0]LogMemory: Physical Memory: 3155.05 MB used,  4951.82 MB free, 8106.87 MB total
[2016.12.02-19.06.14:121][  0]LogMemory: Virtual Memory: 675.79 MB used,  4951.82 MB free, 134217728.00 MB total
[2016.12.02-19.06.14:141][  0]LogTextLocalizationManager: No specific translations for ('ko-KR') exist, so ('ko') translations will be used.
[2016.12.02-19.06.14:174][  0]LogTextLocalizationManager:Warning: Loaded localization resources contain conflicting entries for (Namespace:KismetSchema, Key:Default):
Localization Resource: (C:/Program Files (x86)/Epic Games/4.14/Engine/Content/Localization/EditorTutorials/ko/EditorTutorials.locres) Source String Hash: (940523119) Localized String: (디폴트)
Localization Resource: (C:/Program Files (x86)/Epic Games/4.14/Engine/Content/Localization/Engine/ko/Engine.locres) Source String Hash: (940523119) Localized String: (기본)
[2016.12.02-19.06.14:174][  0]LogTextLocalizationManager:Warning: Loaded localization resources contain conflicting entries for (Namespace:UObjectToolTips, Key:AnimNode_AssetPlayerBase:InternalTimeAccumulator):
Localization Resource: (C:/Program Files (x86)/Epic Games/4.14/Engine/Content/Localization/EditorTutorials/ko/EditorTutorials.locres) Source String Hash: (502993589) Localized String: (이 노드에서 애셋을 레퍼런싱하는 데 사용되는 누적 시간입니다.)
Localization Resource: (C:/Program Files (x86)/Epic Games/4.14/Engine/Content/Localization/Engine/ko/Engine.locres) Source String Hash: (502993589) Localized String: (이 노드에서 애셋을 레퍼런싱하는 데 사용된 누적 시간입니다.)
[2016.12.02-19.06.14:174][  0]LogTextLocalizationManager:Warning: Loaded localization resources contain conflicting entries for (Namespace:UObjectToolTips, Key:AnimNode_AssetPlayerBase:bIgnoreForRelevancyTest):
Localization Resource: (C:/Program Files (x86)/Epic Games/4.14/Engine/Content/Localization/EditorTutorials/ko/EditorTutorials.locres) Source String Hash: (319969718) Localized String: (True 면, 스테이트에서 최고 가중치 애니메이션을 찾는 "Relevant anim" 노드는 이 노드를 무시합니다.
 )
Localization Resource: (C:/Program Files (x86)/Epic Games/4.14/Engine/Content/Localization/Engine/ko/Engine.locres) Source String Hash: (319969718) Localized String: (True 면 스테이트 내 최고 웨이팅된 애니메이션을 찾는 "Relevant anim" 노드가 무시됩니다.
 )
[2016.12.02-19.06.14:174][  0]LogTextLocalizationManager:Warning: Loaded localization resources contain conflicting entries for (Namespace:UObjectToolTips, Key:AnimNode_AssetPlayerBase:BlendWeight):
Localization Resource: (C:/Program Files (x86)/Epic Games/4.14/Engine/Content/Localization/EditorTutorials/ko/EditorTutorials.locres) Source String Hash: (-1232800293) Localized String: (이 노드에 마지막 걸린 블렌드웨이트 입니다.)
Localization Resource: (C:/Program Files (x86)/Epic Games/4.14/Engine/Content/Localization/Engine/ko/Engine.locres) Source String Hash: (-1232800293) Localized String: (이 노드에 대해 마지막 접한 블렌드 웨이트)
[2016.12.02-19.06.14:443][  0]LogD3D11RHI: D3D11 adapters:
[2016.12.02-19.06.14:467][  0]LogD3D11RHI:    0. 'NVIDIA GeForce GTX 970M' (Feature Level 11_0)
[2016.12.02-19.06.14:467][  0]LogD3D11RHI:       3040/0/4053 MB DedicatedVideo/DedicatedSystem/SharedSystem, Outputs:1, VendorId:0x10de
[2016.12.02-19.06.14:472][  0]LogD3D11RHI:    1. 'Intel(R) HD Graphics 5600' (Feature Level 11_0)
[2016.12.02-19.06.14:472][  0]LogD3D11RHI:       128/0/4053 MB DedicatedVideo/DedicatedSystem/SharedSystem, Outputs:0, VendorId:0x8086
[2016.12.02-19.06.14:473][  0]LogD3D11RHI:    2. 'Microsoft Basic Render Driver' (Feature Level 11_0)
[2016.12.02-19.06.14:473][  0]LogD3D11RHI:       0/0/4053 MB DedicatedVideo/DedicatedSystem/SharedSystem, Outputs:0, VendorId:0x1414
[2016.12.02-19.06.14:473][  0]LogD3D11RHI: Chosen D3D11 Adapter: 0
[2016.12.02-19.06.14:477][  0]LogD3D11RHI: Creating new Direct3DDevice
[2016.12.02-19.06.14:477][  0]LogD3D11RHI:     GPU DeviceId: 0x13d8 (for the marketing name, search the web for "GPU Device Id")
[2016.12.02-19.06.14:477][  0]LogWindows: EnumDisplayDevices:
[2016.12.02-19.06.14:477][  0]LogWindows:    0. 'Intel(R) HD Graphics 5600' (P:1 D:1)
[2016.12.02-19.06.14:477][  0]LogWindows:    1. 'Intel(R) HD Graphics 5600' (P:0 D:0)
[2016.12.02-19.06.14:477][  0]LogWindows:    2. 'Intel(R) HD Graphics 5600' (P:0 D:0)
[2016.12.02-19.06.14:477][  0]LogWindows: DebugString: PrimaryIsNotTheChoosenAdapter PrimaryIsNotTheChoosenAdapter PrimaryIsNotTheChoosenAdapter FoundDriverCount:0 
[2016.12.02-19.06.14:477][  0]LogD3D11RHI:     Adapter Name: NVIDIA GeForce GTX 970M
[2016.12.02-19.06.14:477][  0]LogD3D11RHI:   Driver Version: Unknown (internal:Unknown, unified:Unknown)
[2016.12.02-19.06.14:477][  0]LogD3D11RHI:      Driver Date: Unknown
[2016.12.02-19.06.14:477][  0]LogRHI: Texture pool is 1361 MB (70% of 1945 MB)
[2016.12.02-19.06.14:488][  0]LogD3D11RHI: Async texture creation enabled
[2016.12.02-19.06.14:499][  0]LogD3D11RHI: GPU Timing Frequency: 1000.000000 (Debug: 2 1)
[2016.12.02-19.06.14:499][  0]LogShaderCompilers: Guid format shader working directory is -2 characters bigger than the processId version (../../../../../../Users/GameDev/Desktop/Gitre/Anbi/Intermediate/Shaders/WorkingDirectory/8640/).
[2016.12.02-19.06.14:499][  0]LogShaderCompilers: Cleaned the shader compiler working directory 'C:/Users/GameDev/AppData/Local/Temp/UnrealShaderWorkingDir/9DCD3F864D30F0E8EE43DEAE1893A2A8/'.
[2016.12.02-19.06.14:499][  0]LogShaderCompilers:Display: Using Local Shader Compiler.
[2016.12.02-19.06.15:427][  0]LogTemp:Display: Loaded TP AllDesktopTargetPlatform
[2016.12.02-19.06.15:472][  0]LogTemp:Display: Loaded TP MacClientTargetPlatform
[2016.12.02-19.06.15:518][  0]LogTemp:Display: Loaded TP MacNoEditorTargetPlatform
[2016.12.02-19.06.15:564][  0]LogTemp:Display: Loaded TP MacServerTargetPlatform
[2016.12.02-19.06.15:610][  0]LogTemp:Display: Loaded TP MacTargetPlatform
[2016.12.02-19.06.15:656][  0]LogTemp:Display: Loaded TP WindowsClientTargetPlatform
[2016.12.02-19.06.15:702][  0]LogTemp:Display: Loaded TP WindowsNoEditorTargetPlatform
[2016.12.02-19.06.15:748][  0]LogTemp:Display: Loaded TP WindowsServerTargetPlatform
[2016.12.02-19.06.15:785][  0]LogTemp:Display: Loaded TP WindowsTargetPlatform
[2016.12.02-19.06.15:829][  0]LogTemp:Display: Loaded TP AndroidTargetPlatform
[2016.12.02-19.06.15:874][  0]LogTemp:Display: Loaded TP Android_ASTCTargetPlatform
[2016.12.02-19.06.15:919][  0]LogTemp:Display: Loaded TP Android_ATCTargetPlatform
[2016.12.02-19.06.15:964][  0]LogTemp:Display: Loaded TP Android_DXTTargetPlatform
[2016.12.02-19.06.16:008][  0]LogTemp:Display: Loaded TP Android_ETC1TargetPlatform
[2016.12.02-19.06.16:053][  0]LogTemp:Display: Loaded TP Android_ETC2TargetPlatform
[2016.12.02-19.06.16:142][  0]LogTemp:Display: Loaded TP Android_MultiTargetPlatform
[2016.12.02-19.06.16:142][  0]LogTemp:Display: Loaded TP Android_PVRTCTargetPlatform
[2016.12.02-19.06.16:172][  0]LogTemp:Display: Loaded TP HTML5TargetPlatform
[2016.12.02-19.06.16:244][  0]LogTemp:Display: Loaded TP IOSTargetPlatform
[2016.12.02-19.06.16:274][  0]LogTemp:Display: Loaded TP TVOSTargetPlatform
[2016.12.02-19.06.16:318][  0]LogTemp:Display: Loaded TP LinuxClientTargetPlatform
[2016.12.02-19.06.16:363][  0]LogTemp:Display: Loaded TP LinuxNoEditorTargetPlatform
[2016.12.02-19.06.16:408][  0]LogTemp:Display: Loaded TP LinuxServerTargetPlatform
[2016.12.02-19.06.16:452][  0]LogTemp:Display: Loaded TP LinuxTargetPlatform
[2016.12.02-19.06.16:452][  0]LogTargetPlatformManager:Display: Building Assets For Windows
[2016.12.02-19.06.16:771][  0]LogDerivedDataCache:Display: Max Cache Size: 512 MB
[2016.12.02-19.06.16:831][  0]LogDerivedDataCache: Loaded boot cache 0.06s 51MB C:/Users/GameDev/AppData/Local/UnrealEngine/4.14/DerivedDataCache/Boot.ddc.
[2016.12.02-19.06.16:831][  0]LogDerivedDataCache:Display: Loaded Boot cache: C:/Users/GameDev/AppData/Local/UnrealEngine/4.14/DerivedDataCache/Boot.ddc
[2016.12.02-19.06.16:831][  0]LogDerivedDataCache: FDerivedDataBackendGraph:  Pak pak cache file ../../../../../../Users/GameDev/Desktop/Gitre/Anbi/DerivedDataCache/DDC.ddp not found, will not use a pak cache.
[2016.12.02-19.06.16:831][  0]LogDerivedDataCache: Unable to find inner node Pak for hierarchical cache Hierarchy.
[2016.12.02-19.06.16:831][  0]LogDerivedDataCache: FDerivedDataBackendGraph:  CompressedPak pak cache file ../../../../../../Users/GameDev/Desktop/Gitre/Anbi/DerivedDataCache/Compressed.ddp not found, will not use a pak cache.
[2016.12.02-19.06.16:831][  0]LogDerivedDataCache: Unable to find inner node CompressedPak for hierarchical cache Hierarchy.
[2016.12.02-19.06.16:846][  0]LogDerivedDataCache:Display: Pak cache opened for reading ../../../Engine/DerivedDataCache/Compressed.ddp.
[2016.12.02-19.06.16:858][  0]LogDerivedDataCache: Using Local data cache path C:/Users/GameDev/AppData/Local/UnrealEngine/Common/DerivedDataCache: Writable
[2016.12.02-19.06.17:031][  0]LogInit: Selected Device Profile: [Windows]
[2016.12.02-19.06.17:034][  0]LogContentStreaming: Texture pool size is 0.00 MB
[2016.12.02-19.06.17:210][  0]LogMeshUtilities: Using QuadricMeshReduction for automatic static mesh reduction
[2016.12.02-19.06.17:245][  0]LogSimplygon: Simplygon DLL not present - disabling.
[2016.12.02-19.06.17:282][  0]LogMeshUtilities: Using SimplygonSwarm for distributed automatic mesh merging
[2016.12.02-19.06.17:282][  0]LogMeshUtilities: No automatic skeletal mesh reduction module available
[2016.12.02-19.06.17:282][  0]LogMeshUtilities: No automatic mesh merging module available
[2016.12.02-19.06.17:751][  0]LogNetVersion: GetLocalNetworkVersion: CL: 3195953, ProjectName: anbi, ProjectVersion: , EngineNetworkVersion: 2, GameNetworkVersion: 0, NetworkChecksum: 2866765715
[2016.12.02-19.06.17:804][  0]LogAssetRegistry: FAssetRegistry took 0.0215 seconds to start up
[2016.12.02-19.06.17:848][  0]LogPackageLocalizationCache: Processed 3 localized package path(s) for 2 prioritized culture(s) in 0.023091 seconds
[2016.12.02-19.06.17:853][  0]LogUObjectArray: 31946 objects as part of root set at end of initial load.
[2016.12.02-19.06.17:853][  0]LogUObjectAllocator: 6935840 out of 0 bytes used by permanent object pool.
[2016.12.02-19.06.17:853][  0]LogUObjectArray: CloseDisregardForGC: 0/0 objects in disregard for GC pool
[2016.12.02-19.06.17:903][  0]LogInit: WinSock: version 1.1 (2.2), MaxSocks=32767, MaxUdp=65467
[2016.12.02-19.06.18:502][  0]LogSlate: Using Freetype 2.6.0
[2016.12.02-19.06.18:502][  0]LogSlate: SlateFontCache - WITH_FREETYPE: 1, WITH_HARFBUZZ: 1
[2016.12.02-19.06.18:502][  0]LogSlate: SlateFontCache - WITH_FREETYPE: 1, WITH_HARFBUZZ: 1
[2016.12.02-19.06.19:174][  0]LogTcpMessaging: Initializing TcpMessaging bridge
[2016.12.02-19.06.19:208][  0]LogUdpMessaging: Initializing bridge on interface 0.0.0.0:0 to multicast group 230.0.0.1:6666.
[2016.12.02-19.06.19:512][  0]LogMaterial: Uniform references updated for custom material expression Custom.
[2016.12.02-19.06.19:821][  0]SourceControl: 정보 소스 콘트롤이 꺼졌습니다.
[2016.12.02-19.06.19:846][  0]SourceControl: 정보 소스 콘트롤이 꺼졌습니다.
[2016.12.02-19.06.19:882][  0]SourceControl: 정보 소스 콘트롤이 꺼졌습니다.
[2016.12.02-19.06.19:918][  0]SourceControl: 정보 소스 콘트롤이 꺼졌습니다.
[2016.12.02-19.06.20:907][  0]LogEngine: Initializing Engine...
[2016.12.02-19.06.20:907][  0]LogHMD: Failed to initialize OpenVR with code 110
[2016.12.02-19.06.21:115][  0]LogAIModule: Creating AISystem for world Untitled
[2016.12.02-19.06.21:120][  0]LogInit: XAudio2 using '스피커(Realtek High Definition Audio)' : 2 channels at 48 kHz using 32 bits per sample (channel mask 0x3)
[2016.12.02-19.06.21:273][  0]LogInit: FAudioDevice initialized.
[2016.12.02-19.06.21:303][  0]LogDerivedDataCache: Saved boot cache 0.03s 51MB C:/Users/GameDev/AppData/Local/UnrealEngine/4.14/DerivedDataCache/Boot.ddc.
[2016.12.02-19.06.21:314][  0]LogInit: Texture streaming: Enabled
[2016.12.02-19.06.21:473][  0]LogInit: Transaction tracking system initialized
[2016.12.02-19.06.21:757][  0]BlueprintLog: New page: 에디터 로드
[2016.12.02-19.06.22:489][  0]LocalizationService: 정보 현지화 서비스가 비활성화되었습니다.
[2016.12.02-19.06.23:027][  0]LogConsoleResponse:Display: 
[2016.12.02-19.06.23:142][  0]LogCook:Display: Max memory allowance for cook 16384mb min free memory 0mb
[2016.12.02-19.06.23:142][  0]LogCook:Display: Mobile HDR setting 1
[2016.12.02-19.06.23:667][  0]LogFileCache: Scanning file cache for directory 'C:/Users/GameDev/Desktop/Gitre/Anbi/Content/' took 0.01s
[2016.12.02-19.06.23:905][  0]SourceControl: 정보 소스 콘트롤이 꺼졌습니다.
[2016.12.02-19.06.26:684][  0]LogWindowsTextInputMethodSystem:Display: IME system now activated using TSF (Microsoft 입력기).
[2016.12.02-19.06.26:695][  0]LogWindowsTextInputMethodSystem:Display: IME system now activated using TSF (Microsoft 입력기).
[2016.12.02-19.06.26:696][  0]Cmd: MAP LOAD FILE="../../../../../../Users/GameDev/Desktop/Gitre/Anbi/Content/VirtualRealityBP/Maps/StartupMap.umap" TEMPLATE=0 SHOWPROGRESS=1 FEATURELEVEL=3
[2016.12.02-19.06.26:697][  0]LightingResults: New page: 라이팅 빌드
[2016.12.02-19.06.26:753][  0]MapCheck: New page: 맵 체크
[2016.12.02-19.06.26:753][  0]LightingResults: New page: 라이팅 빌드
[2016.12.02-19.06.26:836][  0]LogAIModule: Creating AISystem for world StartupMap
[2016.12.02-19.06.26:855][  0]LogEditorServer: Finished looking for orphan Actors (0.000 secs)
[2016.12.02-19.06.26:860][  0]Cmd: MAP CHECKDEP NOCLEARLOG
[2016.12.02-19.06.26:916][  0]MapCheck: 정보 맵 체크 완료: 오류 0 회, 경고 0 회, 소요 시간 56.031ms.
[2016.12.02-19.06.26:916][  0]LogFileHelpers: Loading map 'StartupMap' took 0.219
[2016.12.02-19.06.27:011][  0]LogStats:Warning: MetaData mismatch. Did you assign a stat to two groups? New //STATGROUP_Threads//SplashScreenThread///Thread_11d4_0///####STATCAT_Advanced#### old //STATGROUP_Threads//SplashScreenThread///Thread_cc4_0///####STATCAT_Advanced####
[2016.12.02-19.06.27:012][  0]LogCollectionManager: Loaded 0 collections in 0.001277 seconds
[2016.12.02-19.06.27:082][  0]LogFileCache: Scanning file cache for directory 'C:/Users/GameDev/Desktop/Gitre/Anbi/Saved/Collections/' took 0.01s
[2016.12.02-19.06.27:082][  0]LogFileCache: Scanning file cache for directory 'C:/Users/GameDev/Desktop/Gitre/Anbi/Content/Developers/GameDev/Collections/' took 0.01s
[2016.12.02-19.06.27:082][  0]LogFileCache: Scanning file cache for directory 'C:/Users/GameDev/Desktop/Gitre/Anbi/Content/Collections/' took 0.01s
[2016.12.02-19.06.27:082][  0]LogCollectionManager: Rebuilt the GUID cache for 0 collections in 0.000002 seconds
[2016.12.02-19.06.27:090][  0]LogContentBrowser: Native class hierarchy populated in 0.0079 seconds. Added 2190 classes and 428 folders.
[2016.12.02-19.06.27:124][  0]LogStats: UGameplayTagsManager::ConstructGameplayTagTree: Construct from data asset -  0.000 s
[2016.12.02-19.06.27:124][  0]LogStats: UGameplayTagsManager::ConstructGameplayTagTree: GameplayTagTreeChangedEvent.Broadcast -  0.000 s
[2016.12.02-19.06.27:124][  0]LogContentBrowser: Native class hierarchy updated for 'GameplayTags' in 0.0005 seconds. Added 13 classes and 0 folders.
[2016.12.02-19.06.27:174][  0]LogContentBrowser: Native class hierarchy updated for 'WidgetCarousel' in 0.0004 seconds. Added 0 classes and 0 folders.
[2016.12.02-19.06.27:205][  0]LogContentBrowser: Native class hierarchy updated for 'AddContentDialog' in 0.0004 seconds. Added 0 classes and 0 folders.
[2016.12.02-19.06.27:240][  0]LogContentBrowser: Native class hierarchy updated for 'SceneOutliner' in 0.0004 seconds. Added 1 classes and 2 folders.
[2016.12.02-19.06.27:273][  0]LogCrashTracker: Crashtracker disabled due to settings.
[2016.12.02-19.06.27:360][  0]LogContentBrowser: Native class hierarchy updated for 'HierarchicalLODOutliner' in 0.0004 seconds. Added 1 classes and 2 folders.
[2016.12.02-19.06.27:360][  0]LogLoad: (Engine Initialization) Total time: 14.56 seconds
[2016.12.02-19.06.27:360][  0]LogLoad: (Engine Initialization) Total Blueprint compile time: 0.03 seconds
[2016.12.02-19.06.27:360][  0]LogExternalProfiler: No external profilers were discovered.  External profiling features will not be available.
[2016.12.02-19.06.27:378][  0]LogOcInput: OculusInput pre-init called
[2016.12.02-19.06.27:396][  0]LogContentStreaming: Texture pool size now 1000 MB
[2016.12.02-19.06.27:537][  0]LogRenderer: Reallocating scene render targets to support 964x436 NumSamples 1 (Frame:2).
[2016.12.02-19.06.27:632][  1]LogAssetRegistry: Asset discovery search completed in 9.8488 seconds
[2016.12.02-19.06.27:632][  1]LogCollectionManager: Rebuilt the object cache for 0 collections in 0.000002 seconds (found 0 objects)
[2016.12.02-19.06.27:632][  1]LogCollectionManager: Fixed up redirectors for 0 collections in 0.000019 seconds (updated 0 objects)
[2016.12.02-19.08.08:406][ 64]LogAIModule: Creating AISystem for world VehicleAdvExampleMap
[2016.12.02-19.08.08:437][ 64]Cmd: MAP LOAD FILE="../../../../../../Users/GameDev/Desktop/Gitre/Anbi/Content/VehicleAdvBP/Maps/VehicleAdvExampleMap.umap" TEMPLATE=0 SHOWPROGRESS=1 FEATURELEVEL=3
[2016.12.02-19.08.08:438][ 64]LightingResults: New page: 라이팅 빌드
[2016.12.02-19.08.08:438][ 64]LoadErrors: New page: 맵 로드중: VehicleAdvExampleMap.umap
[2016.12.02-19.08.08:439][ 64]MapCheck: New page: 맵 체크
[2016.12.02-19.08.08:439][ 64]LightingResults: New page: 라이팅 빌드
[2016.12.02-19.08.08:473][ 64]LogEditorServer: Finished looking for orphan Actors (0.000 secs)
[2016.12.02-19.08.08:498][ 64]Cmd: MAP CHECKDEP NOCLEARLOG
[2016.12.02-19.08.08:538][ 64]MapCheck: 정보 맵 체크 완료: 오류 0 회, 경고 0 회, 소요 시간 40.312ms.
[2016.12.02-19.08.08:538][ 64]LogFileHelpers: Loading map 'VehicleAdvExampleMap' took 0.102
[2016.12.02-19.08.16:712][510]LogRenderer: Reallocating scene render targets to support 1144x708 NumSamples 1 (Frame:1411).
[2016.12.02-19.08.25:341][ 13]Cmd: OBJ SAVEPACKAGE PACKAGE="/Game/GraphicSource/Body/2" FILE="../../../../../../Users/GameDev/Desktop/Gitre/Anbi/Content/GraphicSource/Body/2.uasset" SILENT=true
[2016.12.02-19.08.25:362][ 13]LogSavePackage: Save=14.53ms
[2016.12.02-19.08.25:362][ 13]LogSavePackage: Moving '../../../../../../Users/GameDev/Desktop/Gitre/Anbi/Saved/2A0079C5F48DA2D80FEBA5FBA97AA92A3.tmp' to '../../../../../../Users/GameDev/Desktop/Gitre/Anbi/Content/GraphicSource/Body/2.uasset'
[2016.12.02-19.08.25:366][ 13]LogSavePackage:Display: Finished SavePackage ../../../../../../Users/GameDev/Desktop/Gitre/Anbi/Content/GraphicSource/Body/2.uasset
[2016.12.02-19.08.27:764][119]LogContentBrowser: Native class hierarchy updated for 'BlueprintGraph' in 0.0008 seconds. Added 111 classes and 0 folders.
[2016.12.02-19.08.27:824][119]LogBlueprintSupport:Warning: Editor config [EditoronlyBP] settings are DEPRECATED. You're not explicitly setting any, but they've been defaulting to off. If you are relying on this functionality, then please fix it up so your Blueprints don't break in a future release.
[2016.12.02-19.18.46:646][750]LogEditorTransaction: Undo 핀 추가
[2016.12.02-19.20.34:220][157]Cmd: OBJ SAVEPACKAGE PACKAGE="/Game/GraphicSource/Wheel/1" FILE="../../../../../../Users/GameDev/Desktop/Gitre/Anbi/Content/GraphicSource/Wheel/1.uasset" SILENT=true
[2016.12.02-19.20.34:245][157]LogSavePackage: Save=18.22ms
[2016.12.02-19.20.34:245][157]LogSavePackage: Moving '../../../../../../Users/GameDev/Desktop/Gitre/Anbi/Saved/11AFB455D4810C2B0D606BEA746A63563.tmp' to '../../../../../../Users/GameDev/Desktop/Gitre/Anbi/Content/GraphicSource/Wheel/1.uasset'
[2016.12.02-19.20.34:248][157]LogSavePackage:Display: Finished SavePackage ../../../../../../Users/GameDev/Desktop/Gitre/Anbi/Content/GraphicSource/Wheel/1.uasset
[2016.12.02-19.20.35:580][208]LogSavePackage: Save=168.59ms
[2016.12.02-19.20.35:580][208]LogSavePackage: Moving '../../../../../../Users/GameDev/Desktop/Gitre/Anbi/Saved/VehicleAdvExampleMap_Auto1B5FE67FE4EE1567923CF3ABE506AF35F.tmp' to '../../../../../../Users/GameDev/Desktop/Gitre/Anbi/Saved/Autosaves/Game/VehicleAdvBP/Maps/VehicleAdvExampleMap_Auto1.umap'
[2016.12.02-19.20.35:581][208]LogSavePackage:Display: Finished SavePackage ../../../../../../Users/GameDev/Desktop/Gitre/Anbi/Saved/Autosaves/Game/VehicleAdvBP/Maps/VehicleAdvExampleMap_Auto1.umap
[2016.12.02-19.20.35:583][208]LogFileHelpers: Editor autosave (incl. sublevels) for '/Game/VehicleAdvBP/Maps/VehicleAdvExampleMap' took 0.226
[2016.12.02-19.20.35:583][208]LogFileHelpers: Editor autosave (incl. sublevels) for all levels took 0.226
[2016.12.02-19.20.35:586][208]OBJ SavePackage: Generating thumbnails for [1] asset(s) in package [/Game/GraphicSource/Body/Temp_BP] ([1] browsable assets)...
[2016.12.02-19.20.35:603][208]OBJ SavePackage:     Rendered thumbnail for [Blueprint /Game/GraphicSource/Body/Temp_BP.Temp_BP]
[2016.12.02-19.20.35:603][208]OBJ SavePackage: Finished generating thumbnails for package [/Game/GraphicSource/Body/Temp_BP]
[2016.12.02-19.20.35:651][208]LogSavePackage: Save=41.09ms
[2016.12.02-19.20.35:651][208]LogSavePackage: Moving '../../../../../../Users/GameDev/Desktop/Gitre/Anbi/Saved/Temp_BP_Auto1DE5CC14149776F14A16281861E14534A.tmp' to '../../../../../../Users/GameDev/Desktop/Gitre/Anbi/Saved/Autosaves/Game/GraphicSource/Body/Temp_BP_Auto1.uasset'
[2016.12.02-19.20.35:652][208]LogSavePackage:Display: Finished SavePackage ../../../../../../Users/GameDev/Desktop/Gitre/Anbi/Saved/Autosaves/Game/GraphicSource/Body/Temp_BP_Auto1.uasset
[2016.12.02-19.20.35:653][208]OBJ SavePackage: Generating thumbnails for [1] asset(s) in package [/Game/GraphicSource/Body/2] ([1] browsable assets)...
[2016.12.02-19.20.35:670][208]OBJ SavePackage:     Rendered thumbnail for [StaticMesh /Game/GraphicSource/Body/2.2]
[2016.12.02-19.20.35:670][208]OBJ SavePackage: Finished generating thumbnails for package [/Game/GraphicSource/Body/2]
[2016.12.02-19.20.35:670][208]Cmd: OBJ SAVEPACKAGE PACKAGE="/Game/GraphicSource/Body/2" FILE="../../../../../../Users/GameDev/Desktop/Gitre/Anbi/Saved/Autosaves/Game/GraphicSource/Body/2_Auto1.uasset" SILENT=false AUTOSAVING=true
[2016.12.02-19.20.35:691][208]LogSavePackage: Save=14.44ms
[2016.12.02-19.20.35:691][208]LogSavePackage: Moving '../../../../../../Users/GameDev/Desktop/Gitre/Anbi/Saved/2_Auto177484D7A422292AC0BC57E9CF639027C.tmp' to '../../../../../../Users/GameDev/Desktop/Gitre/Anbi/Saved/Autosaves/Game/GraphicSource/Body/2_Auto1.uasset'
[2016.12.02-19.20.35:692][208]LogSavePackage:Display: Finished SavePackage ../../../../../../Users/GameDev/Desktop/Gitre/Anbi/Saved/Autosaves/Game/GraphicSource/Body/2_Auto1.uasset
[2016.12.02-19.20.35:692][208]LogFileHelpers: Auto-saving content packages took 0.108
[2016.12.02-19.21.09:498][ 31]BlueprintLog: New page: temp_Wheel_BP 컴파일
[2016.12.02-19.21.16:329][418]LogSlate:Warning: Prevented a slow task dialog from being summoned while a context menu was open
[2016.12.02-19.23.29:912][127]BlueprintLog: New page: Temp_BP 컴파일
[2016.12.02-19.23.32:443][247]LogSavePackage: Save=157.45ms
[2016.12.02-19.23.32:443][247]LogSavePackage: Moving '../../../../../../Users/GameDev/Desktop/Gitre/Anbi/Saved/VehicleAdvExampleMap5FE7DF1648254DA64A2ECDA159DD86F2.tmp' to '../../../../../../Users/GameDev/Desktop/Gitre/Anbi/Content/VehicleAdvBP/Maps/VehicleAdvExampleMap.umap'
[2016.12.02-19.23.32:452][247]LogSavePackage:Display: Finished SavePackage ../../../../../../Users/GameDev/Desktop/Gitre/Anbi/Content/VehicleAdvBP/Maps/VehicleAdvExampleMap.umap
[2016.12.02-19.23.33:428][247]LogSavePackage: Save=923.37ms
[2016.12.02-19.23.33:428][247]LogSavePackage: Moving '../../../../../../Users/GameDev/Desktop/Gitre/Anbi/Saved/VehicleAdvExampleMap_BuiltDataF31DFF0F4E4904A006F930953987F7DE.tmp' to '../../../../../../Users/GameDev/Desktop/Gitre/Anbi/Content/VehicleAdvBP/Maps/VehicleAdvExampleMap_BuiltData.uasset'
[2016.12.02-19.23.33:432][247]LogSavePackage:Display: Finished SavePackage ../../../../../../Users/GameDev/Desktop/Gitre/Anbi/Content/VehicleAdvBP/Maps/VehicleAdvExampleMap_BuiltData.uasset
[2016.12.02-19.23.43:595][839]LogTemp: Repeting last play command: 선택된 뷰포트
[2016.12.02-19.23.43:616][839]LogPlayLevel: PlayLevel: No blueprints needed recompiling
[2016.12.02-19.23.43:616][839]PIE: New page: PIE 세션: VehicleAdvExampleMap (2016. 12. 3. 오후 1:23:43)
[2016.12.02-19.23.43:616][839]LogPlayLevel: Creating play world package: /Game/VehicleAdvBP/Maps/UEDPIE_0_VehicleAdvExampleMap
[2016.12.02-19.23.43:641][839]LogPlayLevel: PIE: StaticDuplicateObject took: (0.024349s)
[2016.12.02-19.23.43:641][839]LogAIModule: Creating AISystem for world VehicleAdvExampleMap
[2016.12.02-19.23.43:641][839]LogPlayLevel: PIE: World Init took: (0.000831s)
[2016.12.02-19.23.43:642][839]LogPlayLevel: PIE: Created PIE world by copying editor world from /Game/VehicleAdvBP/Maps/VehicleAdvExampleMap.VehicleAdvExampleMap to /Game/VehicleAdvBP/Maps/UEDPIE_0_VehicleAdvExampleMap.VehicleAdvExampleMap (0.025619s)
[2016.12.02-19.23.43:661][839]LogInit: XAudio2 using '스피커(Realtek High Definition Audio)' : 2 channels at 48 kHz using 32 bits per sample (channel mask 0x3)
[2016.12.02-19.23.43:684][839]LogInit: FAudioDevice initialized.
[2016.12.02-19.23.43:731][839]LogUObjectGlobals:Warning: 'Class 없음.' 오브젝트를 찾는 데 실패했습니다.
[2016.12.02-19.23.43:731][839]LogLoad: Game class is 'GameModeBase'
[2016.12.02-19.23.43:748][839]LogWorld: Bringing World /Game/VehicleAdvBP/Maps/UEDPIE_0_VehicleAdvExampleMap.VehicleAdvExampleMap up for play (max tick rate 60) at 2016.12.03-04.23.43
[2016.12.02-19.23.43:750][839]LogWorld: Bringing up level for play took: 0.015141
[2016.12.02-19.23.43:806][839]LogContentBrowser: Native class hierarchy updated for 'MovieSceneCapture' in 0.0005 seconds. Added 11 classes and 0 folders.
[2016.12.02-19.23.43:810][839]PIE: 정보 /Game/VehicleAdvBP/Maps/UEDPIE_0_VehicleAdvExampleMap 에 대한 에디터에서 플레이 시작 시간: 1.136
[2016.12.02-19.23.46:449][987]LogEditorViewport: Clicking on Actor (LMB): Temp_BP_C (Temp_BP2)
[2016.12.02-19.23.48:163][ 89]LogTemp: Repeting last play command: 선택된 뷰포트
[2016.12.02-19.23.48:179][ 89]LogPlayLevel: PlayLevel: No blueprints needed recompiling
[2016.12.02-19.23.48:179][ 89]PIE: New page: PIE 세션: VehicleAdvExampleMap (2016. 12. 3. 오후 1:23:48)
[2016.12.02-19.23.48:179][ 89]LogPlayLevel: Creating play world package: /Game/VehicleAdvBP/Maps/UEDPIE_0_VehicleAdvExampleMap
[2016.12.02-19.23.48:208][ 89]LogPlayLevel: PIE: StaticDuplicateObject took: (0.028493s)
[2016.12.02-19.23.48:208][ 89]LogAIModule: Creating AISystem for world VehicleAdvExampleMap
[2016.12.02-19.23.48:208][ 89]LogPlayLevel: PIE: World Init took: (0.000651s)
[2016.12.02-19.23.48:209][ 89]LogPlayLevel: PIE: Created PIE world by copying editor world from /Game/VehicleAdvBP/Maps/VehicleAdvExampleMap.VehicleAdvExampleMap to /Game/VehicleAdvBP/Maps/UEDPIE_0_VehicleAdvExampleMap.VehicleAdvExampleMap (0.029440s)
[2016.12.02-19.23.48:233][ 89]LogInit: XAudio2 using '스피커(Realtek High Definition Audio)' : 2 channels at 48 kHz using 32 bits per sample (channel mask 0x3)
[2016.12.02-19.23.48:254][ 89]LogInit: FAudioDevice initialized.
[2016.12.02-19.23.48:287][ 89]LogUObjectGlobals:Warning: 'Class 없음.' 오브젝트를 찾는 데 실패했습니다.
[2016.12.02-19.23.48:287][ 89]LogLoad: Game class is 'GameModeBase'
[2016.12.02-19.23.48:292][ 89]LogWorld: Bringing World /Game/VehicleAdvBP/Maps/UEDPIE_0_VehicleAdvExampleMap.VehicleAdvExampleMap up for play (max tick rate 60) at 2016.12.03-04.23.48
[2016.12.02-19.23.48:293][ 89]LogWorld: Bringing up level for play took: 0.005237
[2016.12.02-19.23.48:297][ 89]PIE: 정보 /Game/VehicleAdvBP/Maps/UEDPIE_0_VehicleAdvExampleMap 에 대한 에디터에서 플레이 시작 시간: -0.376
[2016.12.02-19.23.54:055][425]LogTemp: Repeting last play command: 선택된 뷰포트
[2016.12.02-19.23.54:070][425]LogPlayLevel: PlayLevel: No blueprints needed recompiling
[2016.12.02-19.23.54:070][425]PIE: New page: PIE 세션: VehicleAdvExampleMap (2016. 12. 3. 오후 1:23:54)
[2016.12.02-19.23.54:070][425]LogPlayLevel: Creating play world package: /Game/VehicleAdvBP/Maps/UEDPIE_0_VehicleAdvExampleMap
[2016.12.02-19.23.54:096][425]LogPlayLevel: PIE: StaticDuplicateObject took: (0.026056s)
[2016.12.02-19.23.54:097][425]LogAIModule: Creating AISystem for world VehicleAdvExampleMap
[2016.12.02-19.23.54:097][425]LogPlayLevel: PIE: World Init took: (0.000652s)
[2016.12.02-19.23.54:097][425]LogPlayLevel: PIE: Created PIE world by copying editor world from /Game/VehicleAdvBP/Maps/VehicleAdvExampleMap.VehicleAdvExampleMap to /Game/VehicleAdvBP/Maps/UEDPIE_0_VehicleAdvExampleMap.VehicleAdvExampleMap (0.026971s)
[2016.12.02-19.23.54:113][425]LogInit: XAudio2 using '스피커(Realtek High Definition Audio)' : 2 channels at 48 kHz using 32 bits per sample (channel mask 0x3)
[2016.12.02-19.23.54:135][425]LogInit: FAudioDevice initialized.
[2016.12.02-19.23.54:166][425]LogUObjectGlobals:Warning: 'Class 없음.' 오브젝트를 찾는 데 실패했습니다.
[2016.12.02-19.23.54:166][425]LogLoad: Game class is 'GameModeBase'
[2016.12.02-19.23.54:172][425]LogWorld: Bringing World /Game/VehicleAdvBP/Maps/UEDPIE_0_VehicleAdvExampleMap.VehicleAdvExampleMap up for play (max tick rate 60) at 2016.12.03-04.23.54
[2016.12.02-19.23.54:172][425]LogWorld: Bringing up level for play took: 0.005360
[2016.12.02-19.23.54:177][425]PIE: 정보 /Game/VehicleAdvBP/Maps/UEDPIE_0_VehicleAdvExampleMap 에 대한 에디터에서 플레이 시작 시간: -0.497
[2016.12.02-19.25.09:285][653]BlueprintLog: New page: Temp_BP 컴파일
[2016.12.02-19.25.19:153][209]LogEditorViewport: Clicking on Actor (LMB): Temp_BP_C (Temp_BP2)
[2016.12.02-19.25.28:632][776]LogEditorViewport: Clicking on Actor (LMB): Temp_BP_C (Temp_BP2)
[2016.12.02-19.25.29:125][805]LogTemp: Repeting last play command: 선택된 뷰포트
[2016.12.02-19.25.29:139][805]LogPlayLevel: PlayLevel: No blueprints needed recompiling
[2016.12.02-19.25.29:140][805]PIE: New page: PIE 세션: VehicleAdvExampleMap (2016. 12. 3. 오후 1:25:29)
[2016.12.02-19.25.29:140][805]LogPlayLevel: Creating play world package: /Game/VehicleAdvBP/Maps/UEDPIE_0_VehicleAdvExampleMap
[2016.12.02-19.25.29:169][805]LogPlayLevel: PIE: StaticDuplicateObject took: (0.029159s)
[2016.12.02-19.25.29:169][805]LogAIModule: Creating AISystem for world VehicleAdvExampleMap
[2016.12.02-19.25.29:170][805]LogPlayLevel: PIE: World Init took: (0.000815s)
[2016.12.02-19.25.29:170][805]LogPlayLevel: PIE: Created PIE world by copying editor world from /Game/VehicleAdvBP/Maps/VehicleAdvExampleMap.VehicleAdvExampleMap to /Game/VehicleAdvBP/Maps/UEDPIE_0_VehicleAdvExampleMap.VehicleAdvExampleMap (0.030249s)
[2016.12.02-19.25.29:187][805]LogInit: XAudio2 using '스피커(Realtek High Definition Audio)' : 2 channels at 48 kHz using 32 bits per sample (channel mask 0x3)
[2016.12.02-19.25.29:208][805]LogInit: FAudioDevice initialized.
[2016.12.02-19.25.29:240][805]LogUObjectGlobals:Warning: 'Class 없음.' 오브젝트를 찾는 데 실패했습니다.
[2016.12.02-19.25.29:240][805]LogLoad: Game class is 'GameModeBase'
[2016.12.02-19.25.29:245][805]LogWorld: Bringing World /Game/VehicleAdvBP/Maps/UEDPIE_0_VehicleAdvExampleMap.VehicleAdvExampleMap up for play (max tick rate 60) at 2016.12.03-04.25.29
[2016.12.02-19.25.29:245][805]LogWorld: Bringing up level for play took: 0.004722
[2016.12.02-19.25.29:250][805]PIE: 정보 /Game/VehicleAdvBP/Maps/UEDPIE_0_VehicleAdvExampleMap 에 대한 에디터에서 플레이 시작 시간: 0.576
[2016.12.02-19.29.03:946][426]BlueprintLog: New page: Temp_BP 컴파일
[2016.12.02-19.29.05:901][526]LogTemp: Repeting last play command: 선택된 뷰포트
[2016.12.02-19.29.05:916][526]LogPlayLevel: PlayLevel: No blueprints needed recompiling
[2016.12.02-19.29.05:916][526]PIE: New page: PIE 세션: VehicleAdvExampleMap (2016. 12. 3. 오후 1:29:05)
[2016.12.02-19.29.05:917][526]LogPlayLevel: Creating play world package: /Game/VehicleAdvBP/Maps/UEDPIE_0_VehicleAdvExampleMap
[2016.12.02-19.29.05:942][526]LogPlayLevel: PIE: StaticDuplicateObject took: (0.025626s)
[2016.12.02-19.29.05:943][526]LogAIModule: Creating AISystem for world VehicleAdvExampleMap
[2016.12.02-19.29.05:943][526]LogPlayLevel: PIE: World Init took: (0.000985s)
[2016.12.02-19.29.05:943][526]LogPlayLevel: PIE: Created PIE world by copying editor world from /Game/VehicleAdvBP/Maps/VehicleAdvExampleMap.VehicleAdvExampleMap to /Game/VehicleAdvBP/Maps/UEDPIE_0_VehicleAdvExampleMap.VehicleAdvExampleMap (0.026952s)
[2016.12.02-19.29.05:962][526]LogInit: XAudio2 using '스피커(Realtek High Definition Audio)' : 2 channels at 48 kHz using 32 bits per sample (channel mask 0x3)
[2016.12.02-19.29.05:985][526]LogInit: FAudioDevice initialized.
[2016.12.02-19.29.06:014][526]LogUObjectGlobals:Warning: 'Class 없음.' 오브젝트를 찾는 데 실패했습니다.
[2016.12.02-19.29.06:014][526]LogLoad: Game class is 'GameModeBase'
[2016.12.02-19.29.06:019][526]LogWorld: Bringing World /Game/VehicleAdvBP/Maps/UEDPIE_0_VehicleAdvExampleMap.VehicleAdvExampleMap up for play (max tick rate 60) at 2016.12.03-04.29.06
[2016.12.02-19.29.06:020][526]LogWorld: Bringing up level for play took: 0.005193
[2016.12.02-19.29.06:023][526]LogPhysics:Warning: Initialising Body : Scale3D is (nearly) zero: Component: temp_Wheel_BP_C_0.Wheel 1 
[2016.12.02-19.29.06:024][526]LogPhysics:Warning: Initialising Body : Scale3D is (nearly) zero: Component: temp_Wheel_BP_C_1.Wheel 1 
[2016.12.02-19.29.06:024][526]LogPhysics:Warning: Initialising Body : Scale3D is (nearly) zero: Component: temp_Wheel_BP_C_2.Wheel 1 
[2016.12.02-19.29.06:025][526]LogPhysics:Warning: Initialising Body : Scale3D is (nearly) zero: Component: temp_Wheel_BP_C_3.Wheel 1 
[2016.12.02-19.29.06:025][526]LogPhysics:Warning: Initialising Body : Scale3D is (nearly) zero: Component: temp_Wheel_BP_C_4.Wheel 1 
[2016.12.02-19.29.06:025][526]LogPhysics:Warning: Initialising Body : Scale3D is (nearly) zero: Component: temp_Wheel_BP_C_5.Wheel 1 
[2016.12.02-19.29.06:028][526]PIE: 정보 /Game/VehicleAdvBP/Maps/UEDPIE_0_VehicleAdvExampleMap 에 대한 에디터에서 플레이 시작 시간: -0.646
[2016.12.02-19.30.37:273][709]BlueprintLog: New page: temp_Wheel_BP 컴파일
[2016.12.02-19.30.40:825][808]LogTemp: Repeting last play command: 선택된 뷰포트
[2016.12.02-19.30.40:841][808]LogPlayLevel: PlayLevel: No blueprints needed recompiling
[2016.12.02-19.30.40:841][808]PIE: New page: PIE 세션: VehicleAdvExampleMap (2016. 12. 3. 오후 1:30:40)
[2016.12.02-19.30.40:841][808]LogPlayLevel: Creating play world package: /Game/VehicleAdvBP/Maps/UEDPIE_0_VehicleAdvExampleMap
[2016.12.02-19.30.40:866][808]LogPlayLevel: PIE: StaticDuplicateObject took: (0.024937s)
[2016.12.02-19.30.40:867][808]LogAIModule: Creating AISystem for world VehicleAdvExampleMap
[2016.12.02-19.30.40:867][808]LogPlayLevel: PIE: World Init took: (0.000736s)
[2016.12.02-19.30.40:867][808]LogPlayLevel: PIE: Created PIE world by copying editor world from /Game/VehicleAdvBP/Maps/VehicleAdvExampleMap.VehicleAdvExampleMap to /Game/VehicleAdvBP/Maps/UEDPIE_0_VehicleAdvExampleMap.VehicleAdvExampleMap (0.025999s)
[2016.12.02-19.30.40:885][808]LogInit: XAudio2 using '스피커(Realtek High Definition Audio)' : 2 channels at 48 kHz using 32 bits per sample (channel mask 0x3)
[2016.12.02-19.30.40:909][808]LogInit: FAudioDevice initialized.
[2016.12.02-19.30.40:941][808]LogUObjectGlobals:Warning: 'Class 없음.' 오브젝트를 찾는 데 실패했습니다.
[2016.12.02-19.30.40:941][808]LogLoad: Game class is 'GameModeBase'
[2016.12.02-19.30.40:946][808]LogWorld: Bringing World /Game/VehicleAdvBP/Maps/UEDPIE_0_VehicleAdvExampleMap.VehicleAdvExampleMap up for play (max tick rate 60) at 2016.12.03-04.30.40
[2016.12.02-19.30.40:947][808]LogWorld: Bringing up level for play took: 0.004915
[2016.12.02-19.30.40:948][808]LogPhysics:Warning: Initialising Body : Scale3D is (nearly) zero: Component: temp_Wheel_BP_C_0.Wheel 1 
[2016.12.02-19.30.40:949][808]LogPhysics:Warning: Initialising Body : Scale3D is (nearly) zero: Component: temp_Wheel_BP_C_1.Wheel 1 
[2016.12.02-19.30.40:949][808]LogPhysics:Warning: Initialising Body : Scale3D is (nearly) zero: Component: temp_Wheel_BP_C_2.Wheel 1 
[2016.12.02-19.30.40:949][808]LogPhysics:Warning: Initialising Body : Scale3D is (nearly) zero: Component: temp_Wheel_BP_C_3.Wheel 1 
[2016.12.02-19.30.40:950][808]LogPhysics:Warning: Initialising Body : Scale3D is (nearly) zero: Component: temp_Wheel_BP_C_4.Wheel 1 
[2016.12.02-19.30.40:950][808]LogPhysics:Warning: Initialising Body : Scale3D is (nearly) zero: Component: temp_Wheel_BP_C_5.Wheel 1 
[2016.12.02-19.30.40:952][808]PIE: 정보 /Game/VehicleAdvBP/Maps/UEDPIE_0_VehicleAdvExampleMap 에 대한 에디터에서 플레이 시작 시간: 0.279
[2016.12.02-19.31.04:252][176]LogMaterial: Missing cached shader map for material Material_0, compiling. 
[2016.12.02-19.31.04:253][176]LogMaterial:Warning: Failed to compile Material /Engine/Transient.Material_0 for platform PCD3D_SM5, Default Material will be used in game.
[2016.12.02-19.31.04:253][176]LogMaterial:Warning: 	Only transparent or postprocess materials can read from scene depth.
[2016.12.02-19.31.39:237][226]LogTexture:Display: 텍스처 빌드중: CameraActor_64x (BGRA8)
[2016.12.02-19.31.39:250][226]LogTexture:Display: 텍스처 빌드중: BlueprintInterface_64x (BGRA8)
[2016.12.02-19.31.39:266][226]LogTexture:Display: 텍스처 빌드중: BlueprintMacroLibrary_64x (BGRA8)
[2016.12.02-19.31.39:476][226]LogTexture:Display: 텍스처 빌드중: IOS (BGRA8)
[2016.12.02-19.31.39:504][226]LogTexture:Display: 텍스처 빌드중: android_Icon (BGRA8)
[2016.12.02-19.31.39:516][226]LogTexture:Display: 텍스처 빌드중: Paper2DFlipbook_TutorialIcon (BGRA8)
[2016.12.02-19.31.41:627][343]LogEditorViewport: Clicking Background
[2016.12.02-19.33.50:668][465]LogTemp: Repeting last play command: 선택된 뷰포트
[2016.12.02-19.33.50:685][465]LogPlayLevel: PlayLevel: No blueprints needed recompiling
[2016.12.02-19.33.50:686][465]PIE: New page: PIE 세션: VehicleAdvExampleMap (2016. 12. 3. 오후 1:33:50)
[2016.12.02-19.33.50:686][465]LogPlayLevel: Creating play world package: /Game/VehicleAdvBP/Maps/UEDPIE_0_VehicleAdvExampleMap
[2016.12.02-19.33.50:709][465]LogPlayLevel: PIE: StaticDuplicateObject took: (0.022941s)
[2016.12.02-19.33.50:709][465]LogAIModule: Creating AISystem for world VehicleAdvExampleMap
[2016.12.02-19.33.50:709][465]LogPlayLevel: PIE: World Init took: (0.000756s)
[2016.12.02-19.33.50:710][465]LogPlayLevel: PIE: Created PIE world by copying editor world from /Game/VehicleAdvBP/Maps/VehicleAdvExampleMap.VehicleAdvExampleMap to /Game/VehicleAdvBP/Maps/UEDPIE_0_VehicleAdvExampleMap.VehicleAdvExampleMap (0.023966s)
[2016.12.02-19.33.50:732][465]LogInit: XAudio2 using '스피커(Realtek High Definition Audio)' : 2 channels at 48 kHz using 32 bits per sample (channel mask 0x3)
[2016.12.02-19.33.50:753][465]LogInit: FAudioDevice initialized.
[2016.12.02-19.33.50:784][465]LogUObjectGlobals:Warning: 'Class 없음.' 오브젝트를 찾는 데 실패했습니다.
[2016.12.02-19.33.50:784][465]LogLoad: Game class is 'GameModeBase'
[2016.12.02-19.33.50:789][465]LogWorld: Bringing World /Game/VehicleAdvBP/Maps/UEDPIE_0_VehicleAdvExampleMap.VehicleAdvExampleMap up for play (max tick rate 60) at 2016.12.03-04.33.50
[2016.12.02-19.33.50:790][465]LogWorld: Bringing up level for play took: 0.004656
[2016.12.02-19.33.50:791][465]LogPhysics:Warning: Initialising Body : Scale3D is (nearly) zero: Component: temp_Wheel_BP_C_0.Wheel 1 
[2016.12.02-19.33.50:792][465]LogPhysics:Warning: Initialising Body : Scale3D is (nearly) zero: Component: temp_Wheel_BP_C_1.Wheel 1 
[2016.12.02-19.33.50:792][465]LogPhysics:Warning: Initialising Body : Scale3D is (nearly) zero: Component: temp_Wheel_BP_C_2.Wheel 1 
[2016.12.02-19.33.50:792][465]LogPhysics:Warning: Initialising Body : Scale3D is (nearly) zero: Component: temp_Wheel_BP_C_3.Wheel 1 
[2016.12.02-19.33.50:793][465]LogPhysics:Warning: Initialising Body : Scale3D is (nearly) zero: Component: temp_Wheel_BP_C_4.Wheel 1 
[2016.12.02-19.33.50:793][465]LogPhysics:Warning: Initialising Body : Scale3D is (nearly) zero: Component: temp_Wheel_BP_C_5.Wheel 1 
[2016.12.02-19.33.50:795][465]PIE: 정보 /Game/VehicleAdvBP/Maps/UEDPIE_0_VehicleAdvExampleMap 에 대한 에디터에서 플레이 시작 시간: 0.121
[2016.12.02-19.34.52:421][103]LogActorComponent: ReregisterComponent: (/Engine/Transient.World_19:PersistentLevel.temp_Wheel_BP_C_15.Wheel) Not currently registered. Aborting.
[2016.12.02-19.34.52:422][103]LogActorComponent: ReregisterComponent: (/Engine/Transient.World_9:PersistentLevel.temp_Wheel_BP_C_6.Wheel) Not currently registered. Aborting.
[2016.12.02-19.34.58:245][449]Cmd: OBJ SAVEPACKAGE PACKAGE="/Game/GraphicSource/Wheel/temp_Wheel_BP" FILE="../../../../../../Users/GameDev/Desktop/Gitre/Anbi/Content/GraphicSource/Wheel/temp_Wheel_BP.uasset" SILENT=true
[2016.12.02-19.34.58:267][449]LogSavePackage: Save=19.55ms
[2016.12.02-19.34.58:267][449]LogSavePackage: Moving '../../../../../../Users/GameDev/Desktop/Gitre/Anbi/Saved/temp_Wheel_BP90A1C44C4F12A6AF6329B68ECB754ACD.tmp' to '../../../../../../Users/GameDev/Desktop/Gitre/Anbi/Content/GraphicSource/Wheel/temp_Wheel_BP.uasset'
[2016.12.02-19.34.58:269][449]LogSavePackage:Display: Finished SavePackage ../../../../../../Users/GameDev/Desktop/Gitre/Anbi/Content/GraphicSource/Wheel/temp_Wheel_BP.uasset
[2016.12.02-19.35.00:171][556]LogEditorViewport: Clicking on Actor (LMB): Temp_BP_C (Temp_BP2)
[2016.12.02-19.35.03:097][726]LogEditorViewport: Clicking on Actor (LMB): Temp_BP_C (Temp_BP2)
[2016.12.02-19.35.03:176][730]LogEditorViewport: Clicking on Component (LMB): StaticMeshComponent (CarBody)
[2016.12.02-19.35.03:892][770]LogEditorViewport: Clicking on Component (LMB): StaticMeshComponent (CarBody)
[2016.12.02-19.35.03:984][775]LogEditorViewport: Clicking on Actor (double click): Temp_BP_C (Temp_BP2)
[2016.12.02-19.35.04:952][829]LogEditorViewport: Clicking on Actor (LMB): Temp_BP_C (Temp_BP2)
[2016.12.02-19.35.05:297][849]LogEditorViewport: Clicking on Actor (LMB): Temp_BP_C (Temp_BP2)
[2016.12.02-19.35.05:362][852]LogEditorViewport: Clicking on Component (LMB): StaticMeshComponent (CarBody)
[2016.12.02-19.35.30:947][285]LogSavePackage: Save=179.96ms
[2016.12.02-19.35.30:947][285]LogSavePackage: Moving '../../../../../../Users/GameDev/Desktop/Gitre/Anbi/Saved/VehicleAdvExampleMap_Auto2AC1BDE3747E95F35FDEEAFB10AA8B27C.tmp' to '../../../../../../Users/GameDev/Desktop/Gitre/Anbi/Saved/Autosaves/Game/VehicleAdvBP/Maps/VehicleAdvExampleMap_Auto2.umap'
[2016.12.02-19.35.30:950][285]LogSavePackage:Display: Finished SavePackage ../../../../../../Users/GameDev/Desktop/Gitre/Anbi/Saved/Autosaves/Game/VehicleAdvBP/Maps/VehicleAdvExampleMap_Auto2.umap
[2016.12.02-19.35.30:952][285]LogFileHelpers: Editor autosave (incl. sublevels) for '/Game/VehicleAdvBP/Maps/VehicleAdvExampleMap' took 0.215
[2016.12.02-19.35.30:952][285]LogFileHelpers: Editor autosave (incl. sublevels) for all levels took 0.215
[2016.12.02-19.35.30:954][285]OBJ SavePackage: Generating thumbnails for [1] asset(s) in package [/Game/GraphicSource/Body/Temp_BP] ([1] browsable assets)...
[2016.12.02-19.35.30:972][285]OBJ SavePackage:     Rendered thumbnail for [Blueprint /Game/GraphicSource/Body/Temp_BP.Temp_BP]
[2016.12.02-19.35.30:972][285]OBJ SavePackage: Finished generating thumbnails for package [/Game/GraphicSource/Body/Temp_BP]
[2016.12.02-19.35.31:016][285]LogSavePackage: Save=37.03ms
[2016.12.02-19.35.31:016][285]LogSavePackage: Moving '../../../../../../Users/GameDev/Desktop/Gitre/Anbi/Saved/Temp_BP_Auto202E8972045997B4AD74472B4A2A70837.tmp' to '../../../../../../Users/GameDev/Desktop/Gitre/Anbi/Saved/Autosaves/Game/GraphicSource/Body/Temp_BP_Auto2.uasset'
[2016.12.02-19.35.31:018][285]LogSavePackage:Display: Finished SavePackage ../../../../../../Users/GameDev/Desktop/Gitre/Anbi/Saved/Autosaves/Game/GraphicSource/Body/Temp_BP_Auto2.uasset
[2016.12.02-19.35.31:018][285]OBJ SavePackage: Generating thumbnails for [1] asset(s) in package [/Game/GraphicSource/Wheel/NewBlueprint] ([1] browsable assets)...
[2016.12.02-19.35.31:037][285]OBJ SavePackage:     Rendered thumbnail for [Blueprint /Game/GraphicSource/Wheel/NewBlueprint.NewBlueprint]
[2016.12.02-19.35.31:037][285]OBJ SavePackage: Finished generating thumbnails for package [/Game/GraphicSource/Wheel/NewBlueprint]
[2016.12.02-19.35.31:064][285]LogSavePackage: Save=25.74ms
[2016.12.02-19.35.31:064][285]LogSavePackage: Moving '../../../../../../Users/GameDev/Desktop/Gitre/Anbi/Saved/NewBlueprint_Auto2B65A182F4B925DF18FB51FB4383885AC.tmp' to '../../../../../../Users/GameDev/Desktop/Gitre/Anbi/Saved/Autosaves/Game/GraphicSource/Wheel/NewBlueprint_Auto2.uasset'
[2016.12.02-19.35.31:065][285]LogSavePackage:Display: Finished SavePackage ../../../../../../Users/GameDev/Desktop/Gitre/Anbi/Saved/Autosaves/Game/GraphicSource/Wheel/NewBlueprint_Auto2.uasset
[2016.12.02-19.35.31:065][285]LogFileHelpers: Auto-saving content packages took 0.112
[2016.12.02-19.35.48:670][101]LogEditorViewport: Clicking on Actor (LMB): BP_Sky_Sphere_C (SkyShereBlueprint)
[2016.12.02-19.35.49:666][157]LogTemp: Repeting last play command: 선택된 뷰포트
[2016.12.02-19.35.49:683][157]BlueprintLog: New page: 플레이 전 자동 컴파일
[2016.12.02-19.35.49:683][157]LogPlayLevel: [PlayLevel] Compiling temp_Wheel_BP before play...
[2016.12.02-19.35.49:769][157]LogPlayLevel: PlayLevel: Blueprint regeneration took 86 ms (1 blueprints)
[2016.12.02-19.35.49:769][157]PIE: New page: PIE 세션: VehicleAdvExampleMap (2016. 12. 3. 오후 1:35:49)
[2016.12.02-19.35.49:769][157]LogPlayLevel: Creating play world package: /Game/VehicleAdvBP/Maps/UEDPIE_0_VehicleAdvExampleMap
[2016.12.02-19.35.49:792][157]LogPlayLevel: PIE: StaticDuplicateObject took: (0.022950s)
[2016.12.02-19.35.49:793][157]LogAIModule: Creating AISystem for world VehicleAdvExampleMap
[2016.12.02-19.35.49:793][157]LogPlayLevel: PIE: World Init took: (0.000575s)
[2016.12.02-19.35.49:793][157]LogPlayLevel: PIE: Created PIE world by copying editor world from /Game/VehicleAdvBP/Maps/VehicleAdvExampleMap.VehicleAdvExampleMap to /Game/VehicleAdvBP/Maps/UEDPIE_0_VehicleAdvExampleMap.VehicleAdvExampleMap (0.024041s)
[2016.12.02-19.35.49:810][157]LogInit: XAudio2 using '스피커(Realtek High Definition Audio)' : 2 channels at 48 kHz using 32 bits per sample (channel mask 0x3)
[2016.12.02-19.35.49:832][157]LogInit: FAudioDevice initialized.
[2016.12.02-19.35.49:863][157]LogUObjectGlobals:Warning: 'Class 없음.' 오브젝트를 찾는 데 실패했습니다.
[2016.12.02-19.35.49:863][157]LogLoad: Game class is 'GameModeBase'
[2016.12.02-19.35.49:868][157]LogWorld: Bringing World /Game/VehicleAdvBP/Maps/UEDPIE_0_VehicleAdvExampleMap.VehicleAdvExampleMap up for play (max tick rate 60) at 2016.12.03-04.35.49
[2016.12.02-19.35.49:869][157]LogWorld: Bringing up level for play took: 0.004674
[2016.12.02-19.35.49:870][157]LogPhysics:Warning: Initialising Body : Scale3D is (nearly) zero: Component: temp_Wheel_BP_C_0.Wheel 1 
[2016.12.02-19.35.49:870][157]LogPhysics:Warning: Initialising Body : Scale3D is (nearly) zero: Component: temp_Wheel_BP_C_1.Wheel 1 
[2016.12.02-19.35.49:870][157]LogPhysics:Warning: Initialising Body : Scale3D is (nearly) zero: Component: temp_Wheel_BP_C_2.Wheel 1 
[2016.12.02-19.35.49:871][157]LogPhysics:Warning: Initialising Body : Scale3D is (nearly) zero: Component: temp_Wheel_BP_C_3.Wheel 1 
[2016.12.02-19.35.49:871][157]LogPhysics:Warning: Initialising Body : Scale3D is (nearly) zero: Component: temp_Wheel_BP_C_4.Wheel 1 
[2016.12.02-19.35.49:871][157]LogPhysics:Warning: Initialising Body : Scale3D is (nearly) zero: Component: temp_Wheel_BP_C_5.Wheel 1 
[2016.12.02-19.35.49:874][157]PIE: 정보 /Game/VehicleAdvBP/Maps/UEDPIE_0_VehicleAdvExampleMap 에 대한 에디터에서 플레이 시작 시간: -0.8
[2016.12.02-19.44.26:913][ 46]LogTemp: Repeting last play command: 선택된 뷰포트
[2016.12.02-19.44.26:929][ 46]LogPlayLevel: PlayLevel: No blueprints needed recompiling
[2016.12.02-19.44.26:930][ 46]PIE: New page: PIE 세션: VehicleAdvExampleMap (2016. 12. 3. 오후 1:44:26)
[2016.12.02-19.44.26:930][ 46]LogPlayLevel: Creating play world package: /Game/VehicleAdvBP/Maps/UEDPIE_0_VehicleAdvExampleMap
[2016.12.02-19.44.26:959][ 46]LogPlayLevel: PIE: StaticDuplicateObject took: (0.029746s)
[2016.12.02-19.44.26:960][ 46]LogAIModule: Creating AISystem for world VehicleAdvExampleMap
[2016.12.02-19.44.26:960][ 46]LogPlayLevel: PIE: World Init took: (0.000916s)
[2016.12.02-19.44.26:961][ 46]LogPlayLevel: PIE: Created PIE world by copying editor world from /Game/VehicleAdvBP/Maps/VehicleAdvExampleMap.VehicleAdvExampleMap to /Game/VehicleAdvBP/Maps/UEDPIE_0_VehicleAdvExampleMap.VehicleAdvExampleMap (0.031121s)
[2016.12.02-19.44.26:979][ 46]LogInit: XAudio2 using '스피커(Realtek High Definition Audio)' : 2 channels at 48 kHz using 32 bits per sample (channel mask 0x3)
[2016.12.02-19.44.27:002][ 46]LogInit: FAudioDevice initialized.
[2016.12.02-19.44.27:033][ 46]LogUObjectGlobals:Warning: 'Class 없음.' 오브젝트를 찾는 데 실패했습니다.
[2016.12.02-19.44.27:033][ 46]LogLoad: Game class is 'GameModeBase'
[2016.12.02-19.44.27:038][ 46]LogWorld: Bringing World /Game/VehicleAdvBP/Maps/UEDPIE_0_VehicleAdvExampleMap.VehicleAdvExampleMap up for play (max tick rate 60) at 2016.12.03-04.44.27
[2016.12.02-19.44.27:038][ 46]LogWorld: Bringing up level for play took: 0.005131
[2016.12.02-19.44.27:039][ 46]LogPhysics:Warning: Initialising Body : Scale3D is (nearly) zero: Component: temp_Wheel_BP_C_0.Wheel 1 
[2016.12.02-19.44.27:040][ 46]LogPhysics:Warning: Initialising Body : Scale3D is (nearly) zero: Component: temp_Wheel_BP_C_1.Wheel 1 
[2016.12.02-19.44.27:040][ 46]LogPhysics:Warning: Initialising Body : Scale3D is (nearly) zero: Component: temp_Wheel_BP_C_2.Wheel 1 
[2016.12.02-19.44.27:041][ 46]LogPhysics:Warning: Initialising Body : Scale3D is (nearly) zero: Component: temp_Wheel_BP_C_3.Wheel 1 
[2016.12.02-19.44.27:041][ 46]LogPhysics:Warning: Initialising Body : Scale3D is (nearly) zero: Component: temp_Wheel_BP_C_4.Wheel 1 
[2016.12.02-19.44.27:041][ 46]LogPhysics:Warning: Initialising Body : Scale3D is (nearly) zero: Component: temp_Wheel_BP_C_5.Wheel 1 
[2016.12.02-19.44.27:044][ 46]PIE: 정보 /Game/VehicleAdvBP/Maps/UEDPIE_0_VehicleAdvExampleMap 에 대한 에디터에서 플레이 시작 시간: 0.37
[2016.12.02-19.44.57:528][787]BlueprintLog: New page: temp_Wheel_BP 컴파일
[2016.12.02-19.44.59:482][877]LogTemp: Repeting last play command: 선택된 뷰포트
[2016.12.02-19.44.59:499][877]LogPlayLevel: PlayLevel: No blueprints needed recompiling
[2016.12.02-19.44.59:499][877]PIE: New page: PIE 세션: VehicleAdvExampleMap (2016. 12. 3. 오후 1:44:59)
[2016.12.02-19.44.59:499][877]LogPlayLevel: Creating play world package: /Game/VehicleAdvBP/Maps/UEDPIE_0_VehicleAdvExampleMap
[2016.12.02-19.44.59:524][877]LogPlayLevel: PIE: StaticDuplicateObject took: (0.024986s)
[2016.12.02-19.44.59:524][877]LogAIModule: Creating AISystem for world VehicleAdvExampleMap
[2016.12.02-19.44.59:525][877]LogPlayLevel: PIE: World Init took: (0.000677s)
[2016.12.02-19.44.59:525][877]LogPlayLevel: PIE: Created PIE world by copying editor world from /Game/VehicleAdvBP/Maps/VehicleAdvExampleMap.VehicleAdvExampleMap to /Game/VehicleAdvBP/Maps/UEDPIE_0_VehicleAdvExampleMap.VehicleAdvExampleMap (0.026049s)
[2016.12.02-19.44.59:542][877]LogInit: XAudio2 using '스피커(Realtek High Definition Audio)' : 2 channels at 48 kHz using 32 bits per sample (channel mask 0x3)
[2016.12.02-19.44.59:563][877]LogInit: FAudioDevice initialized.
[2016.12.02-19.44.59:593][877]LogUObjectGlobals:Warning: 'Class 없음.' 오브젝트를 찾는 데 실패했습니다.
[2016.12.02-19.44.59:593][877]LogLoad: Game class is 'GameModeBase'
[2016.12.02-19.44.59:598][877]LogWorld: Bringing World /Game/VehicleAdvBP/Maps/UEDPIE_0_VehicleAdvExampleMap.VehicleAdvExampleMap up for play (max tick rate 60) at 2016.12.03-04.44.59
[2016.12.02-19.44.59:599][877]LogWorld: Bringing up level for play took: 0.004868
[2016.12.02-19.44.59:600][877]LogPhysics:Warning: Initialising Body : Scale3D is (nearly) zero: Component: temp_Wheel_BP_C_0.Wheel 1 
[2016.12.02-19.44.59:600][877]LogPhysics:Warning: Initialising Body : Scale3D is (nearly) zero: Component: temp_Wheel_BP_C_1.Wheel 1 
[2016.12.02-19.44.59:601][877]LogPhysics:Warning: Initialising Body : Scale3D is (nearly) zero: Component: temp_Wheel_BP_C_2.Wheel 1 
[2016.12.02-19.44.59:601][877]LogPhysics:Warning: Initialising Body : Scale3D is (nearly) zero: Component: temp_Wheel_BP_C_3.Wheel 1 
[2016.12.02-19.44.59:602][877]LogPhysics:Warning: Initialising Body : Scale3D is (nearly) zero: Component: temp_Wheel_BP_C_4.Wheel 1 
[2016.12.02-19.44.59:602][877]LogPhysics:Warning: Initialising Body : Scale3D is (nearly) zero: Component: temp_Wheel_BP_C_5.Wheel 1 
[2016.12.02-19.44.59:604][877]PIE: 정보 /Game/VehicleAdvBP/Maps/UEDPIE_0_VehicleAdvExampleMap 에 대한 에디터에서 플레이 시작 시간: 0.93
[2016.12.02-19.45.05:452][217]Cmd: SELECT NONE
[2016.12.02-19.48.30:188][284]LogSavePackage: Save=167.69ms
[2016.12.02-19.48.30:189][284]LogSavePackage: Moving '../../../../../../Users/GameDev/Desktop/Gitre/Anbi/Saved/VehicleAdvExampleMap_Auto39900C00340B1CBE121F575B9C86F05C6.tmp' to '../../../../../../Users/GameDev/Desktop/Gitre/Anbi/Saved/Autosaves/Game/VehicleAdvBP/Maps/VehicleAdvExampleMap_Auto3.umap'
[2016.12.02-19.48.30:193][284]LogSavePackage:Display: Finished SavePackage ../../../../../../Users/GameDev/Desktop/Gitre/Anbi/Saved/Autosaves/Game/VehicleAdvBP/Maps/VehicleAdvExampleMap_Auto3.umap
[2016.12.02-19.48.30:195][284]LogFileHelpers: Editor autosave (incl. sublevels) for '/Game/VehicleAdvBP/Maps/VehicleAdvExampleMap' took 0.219
[2016.12.02-19.48.30:195][284]LogFileHelpers: Editor autosave (incl. sublevels) for all levels took 0.219
[2016.12.02-19.48.30:197][284]OBJ SavePackage: Generating thumbnails for [1] asset(s) in package [/Game/GraphicSource/Body/Temp_BP] ([1] browsable assets)...
[2016.12.02-19.48.30:218][284]OBJ SavePackage:     Rendered thumbnail for [Blueprint /Game/GraphicSource/Body/Temp_BP.Temp_BP]
[2016.12.02-19.48.30:218][284]OBJ SavePackage: Finished generating thumbnails for package [/Game/GraphicSource/Body/Temp_BP]
[2016.12.02-19.48.30:264][284]LogSavePackage: Save=37.97ms
[2016.12.02-19.48.30:264][284]LogSavePackage: Moving '../../../../../../Users/GameDev/Desktop/Gitre/Anbi/Saved/Temp_BP_Auto3A99AE9A645FD7D096BD71592E00FEDC0.tmp' to '../../../../../../Users/GameDev/Desktop/Gitre/Anbi/Saved/Autosaves/Game/GraphicSource/Body/Temp_BP_Auto3.uasset'
[2016.12.02-19.48.30:266][284]LogSavePackage:Display: Finished SavePackage ../../../../../../Users/GameDev/Desktop/Gitre/Anbi/Saved/Autosaves/Game/GraphicSource/Body/Temp_BP_Auto3.uasset
[2016.12.02-19.48.30:266][284]OBJ SavePackage: Generating thumbnails for [1] asset(s) in package [/Game/GraphicSource/Wheel/temp_Wheel_BP] ([1] browsable assets)...
[2016.12.02-19.48.30:284][284]OBJ SavePackage:     Rendered thumbnail for [Blueprint /Game/GraphicSource/Wheel/temp_Wheel_BP.temp_Wheel_BP]
[2016.12.02-19.48.30:284][284]OBJ SavePackage: Finished generating thumbnails for package [/Game/GraphicSource/Wheel/temp_Wheel_BP]
[2016.12.02-19.48.30:326][284]LogSavePackage: Save=32.23ms
[2016.12.02-19.48.30:326][284]LogSavePackage: Moving '../../../../../../Users/GameDev/Desktop/Gitre/Anbi/Saved/temp_Wheel_BP_Auto34D944B3C453D66E9A2C7D9ADF37C0B0F.tmp' to '../../../../../../Users/GameDev/Desktop/Gitre/Anbi/Saved/Autosaves/Game/GraphicSource/Wheel/temp_Wheel_BP_Auto3.uasset'
[2016.12.02-19.48.30:328][284]LogSavePackage:Display: Finished SavePackage ../../../../../../Users/GameDev/Desktop/Gitre/Anbi/Saved/Autosaves/Game/GraphicSource/Wheel/temp_Wheel_BP_Auto3.uasset
[2016.12.02-19.48.30:328][284]LogFileHelpers: Auto-saving content packages took 0.132
[2016.12.02-19.50.34:063][468]LogAnimation:Warning: AnimBP VehicleAnimationBlueprint_C is incompatible with skeleton MannequinHand_Right_Skeleton, removing AnimBP from actor.
[2016.12.02-19.50.34:064][468]LogAnimation:Warning: AnimBP VehicleAnimationBlueprint_C is incompatible with skeleton MannequinHand_Right_Skeleton, removing AnimBP from actor.
[2016.12.02-19.50.34:064][468]LogAnimation:Warning: AnimBP VehicleAnimationBlueprint_C is incompatible with skeleton MannequinHand_Right_Skeleton, removing AnimBP from actor.
[2016.12.02-19.50.35:653][555]LogActorComponent: UnregisterComponent: (/Engine/Transient.EditorFloorComp) Not registered. Aborting.
[2016.12.02-19.50.36:741][615]Cmd: TRANSACTION UNDO
[2016.12.02-19.50.36:741][615]LogEditorTransaction: Undo Skeletal Mesh 편집
[2016.12.02-19.50.37:794][677]Cmd: TRANSACTION UNDO
[2016.12.02-19.50.37:794][677]LogEditorTransaction: Undo 선택 않음
[2016.12.02-19.50.39:987][726]LogActorComponent: UnregisterComponent: (/Engine/Transient.EditorFloorComp) Not registered. Aborting.
[2016.12.02-19.50.40:095][726]LogSpawn:Warning: UWorld::DestroyActor: World has no context! World: World_24, Actor: /Engine/Transient.World_24:PersistentLevel.NewBlueprint_C_14
[2016.12.02-19.50.40:097][726]LogWorld: --- Actors Currently in /Engine/Transient.World_24:PersistentLevel ---
[2016.12.02-19.50.40:097][726]LogWorld:   /Engine/Transient.World_24:PersistentLevel.WorldSettings
[2016.12.02-19.50.40:097][726]LogWorld:   /Engine/Transient.World_24:PersistentLevel.Brush_24
[2016.12.02-19.50.40:097][726]LogWorld:   /Engine/Transient.World_24:PersistentLevel.DefaultPhysicsVolume_24
[2016.12.02-19.50.40:097][726]LogWorld:   /Engine/Transient.World_24:PersistentLevel.ParticleEventManager_24
[2016.12.02-19.50.40:097][726]LogWorld:   NONE
[2016.12.02-19.50.40:110][726]LogStats: FPlatformStackWalk::StackWalkAndDump -  0.013 s
[2016.12.02-19.50.40:110][726]LogOutputDevice:Error: === Handled ensure: ===
[2016.12.02-19.50.40:110][726]LogOutputDevice:Error: 
[2016.12.02-19.50.40:110][726]LogOutputDevice:Error: Ensure condition failed: false [File:D:\Build\++UE4+Release-4.14+Compile\Sync\Engine\Source\Runtime\Engine\Private\World.cpp] [Line: 1492]
[2016.12.02-19.50.40:110][726]LogOutputDevice:Error: Could not remove actor /Engine/Transient.World_24:PersistentLevel.NewBlueprint_C_14 from world (check level is /Engine/Transient.World_24:PersistentLevel)
[2016.12.02-19.50.40:110][726]LogOutputDevice:Error: Stack: 
[2016.12.02-19.50.40:110][726]LogOutputDevice:Error: UE4Editor-Core.dll
[2016.12.02-19.50.40:110][726]LogOutputDevice:Error: UE4Editor-Core.dll
[2016.12.02-19.50.40:110][726]LogOutputDevice:Error: UE4Editor-Core.dll
[2016.12.02-19.50.40:110][726]LogOutputDevice:Error: UE4Editor-Engine.dll
[2016.12.02-19.50.40:110][726]LogOutputDevice:Error: UE4Editor-Engine.dll
[2016.12.02-19.50.40:110][726]LogOutputDevice:Error: UE4Editor-Engine.dll
[2016.12.02-19.50.40:110][726]LogOutputDevice:Error: UE4Editor-UnrealEd.dll
[2016.12.02-19.50.40:110][726]LogOutputDevice:Error: UE4Editor-UnrealEd.dll
[2016.12.02-19.50.40:110][726]LogOutputDevice:Error: UE4Editor-UnrealEd.dll
[2016.12.02-19.50.40:110][726]LogOutputDevice:Error: UE4Editor-UnrealEd.dll
[2016.12.02-19.50.40:110][726]LogOutputDevice:Error: UE4Editor-UnrealEd.dll
[2016.12.02-19.50.40:110][726]LogOutputDevice:Error: UE4Editor-UnrealEd.dll
[2016.12.02-19.50.40:110][726]LogOutputDevice:Error: UE4Editor-Slate.dll
[2016.12.02-19.50.40:110][726]LogOutputDevice:Error: UE4Editor-Slate.dll
[2016.12.02-19.50.40:110][726]LogOutputDevice:Error: UE4Editor-Slate.dll
[2016.12.02-19.50.40:110][726]LogOutputDevice:Error: UE4Editor-Slate.dll
[2016.12.02-19.50.40:110][726]LogOutputDevice:Error: UE4Editor-Slate.dll
[2016.12.02-19.50.40:110][726]LogOutputDevice:Error: UE4Editor-Slate.dll
[2016.12.02-19.50.40:110][726]LogOutputDevice:Error: UE4Editor-Slate.dll
[2016.12.02-19.50.40:110][726]LogOutputDevice:Error: UE4Editor-Core.dll
[2016.12.02-19.50.40:110][726]LogOutputDevice:Error: UE4Editor-Core.dll
[2016.12.02-19.50.40:110][726]LogOutputDevice:Error: UE4Editor-Core.dll
[2016.12.02-19.50.40:110][726]LogOutputDevice:Error: UE4Editor-Core.dll
[2016.12.02-19.50.40:110][726]LogOutputDevice:Error: USER32.dll
[2016.12.02-19.50.40:110][726]LogOutputDevice:Error: USER32.dll
[2016.12.02-19.50.40:110][726]LogOutputDevice:Error: UE4Editor-Core.dll
[2016.12.02-19.50.40:110][726]LogOutputDevice:Error: UE4Editor-Slate.dll
[2016.12.02-19.50.40:110][726]LogOutputDevice:Error: UE4Editor-Slate.dll
[2016.12.02-19.50.40:110][726]LogOutputDevice:Error: UE4Editor-UnrealEd.dll
[2016.12.02-19.50.40:110][726]LogOutputDevice:Error: UE4Editor-UnrealEd.dll
[2016.12.02-19.50.40:110][726]LogOutputDevice:Error: UE4Editor-UnrealEd.dll
[2016.12.02-19.50.40:110][726]LogOutputDevice:Error: UE4Editor-ContentBrowser.dll
[2016.12.02-19.50.40:110][726]LogOutputDevice:Error: UE4Editor-ContentBrowser.dll
[2016.12.02-19.50.40:110][726]LogOutputDevice:Error: UE4Editor-ContentBrowser.dll
[2016.12.02-19.50.40:110][726]LogOutputDevice:Error: UE4Editor-ContentBrowser.dll
[2016.12.02-19.50.40:110][726]LogOutputDevice:Error: UE4Editor-Slate.dll
[2016.12.02-19.50.40:110][726]LogOutputDevice:Error: UE4Editor-Slate.dll
[2016.12.02-19.50.40:110][726]LogOutputDevice:Error: UE4Editor-ContentBrowser.dll
[2016.12.02-19.50.40:110][726]LogOutputDevice:Error: UE4Editor-Slate.dll
[2016.12.02-19.50.40:110][726]LogOutputDevice:Error: UE4Editor-Slate.dll
[2016.12.02-19.50.40:110][726]LogOutputDevice:Error: UE4Editor-Slate.dll
[2016.12.02-19.50.40:110][726]LogOutputDevice:Error: UE4Editor-Slate.dll
[2016.12.02-19.50.40:110][726]LogOutputDevice:Error: UE4Editor-Slate.dll
[2016.12.02-19.50.40:110][726]LogOutputDevice:Error: UE4Editor-Core.dll
[2016.12.02-19.50.40:110][726]LogOutputDevice:Error: UE4Editor-Core.dll
[2016.12.02-19.50.40:110][726]LogOutputDevice:Error: UE4Editor-Core.dll
[2016.12.02-19.50.40:110][726]LogOutputDevice:Error: UE4Editor-Core.dll
[2016.12.02-19.50.40:110][726]LogOutputDevice:Error: USER32.dll
[2016.12.02-19.50.40:110][726]LogOutputDevice:Error: USER32.dll
[2016.12.02-19.50.40:110][726]LogOutputDevice:Error: UE4Editor-Core.dll
[2016.12.02-19.50.40:110][726]LogOutputDevice:Error: UE4Editor.exe
[2016.12.02-19.50.40:110][726]LogOutputDevice:Error: UE4Editor.exe
[2016.12.02-19.50.40:110][726]LogOutputDevice:Error: UE4Editor.exe
[2016.12.02-19.50.40:110][726]LogOutputDevice:Error: UE4Editor.exe
[2016.12.02-19.50.40:110][726]LogOutputDevice:Error: UE4Editor.exe
[2016.12.02-19.50.40:110][726]LogOutputDevice:Error: KERNEL32.DLL
[2016.12.02-19.50.40:110][726]LogOutputDevice:Error: ntdll.dll
[2016.12.02-19.50.40:110][726]LogOutputDevice:Error: 
[2016.12.02-19.50.40:114][726]LogStats:                SubmitErrorReport -  0.000 s
